npm verbose cli C:\Program Files\nodejs\node.exe C:\Program Files\nodejs\node_modules\npm\bin\npm-cli.js
npm info using npm@10.9.7
npm info using node@v22.22.2
npm verbose title npm install
npm verbose argv "install" "--loglevel" "verbose"
npm verbose logfile logs-max:10 dir:C:\Users\rioan\AppData\Local\npm-cache\_logs\2026-04-05T17_27_16_980Z-
npm verbose logfile C:\Users\rioan\AppData\Local\npm-cache\_logs\2026-04-05T17_27_16_980Z-debug-0.log
npm http cache https://registry.npmjs.org/bcryptjs 39ms (cache hit)
npm http cache https://registry.npmjs.org/jsonwebtoken 9ms (cache hit)
npm http cache https://registry.npmjs.org/next 104ms (cache hit)
npm http cache https://registry.npmjs.org/@opentelemetry%2fapi 30ms (cache hit)
npm http cache https://registry.npmjs.org/@playwright%2ftest 31ms (cache hit)
npm http cache https://registry.npmjs.org/babel-plugin-react-compiler 12ms (cache hit)
npm http cache https://registry.npmjs.org/react 29ms (cache hit)
npm http cache https://registry.npmjs.org/react-dom 31ms (cache hit)
npm http cache https://registry.npmjs.org/sass 39ms (cache hit)
npm http cache https://registry.npmjs.org/eslint 16ms (cache hit)
npm http cache https://registry.npmjs.org/eslint-config-next 25ms (cache hit)
npm http cache https://registry.npmjs.org/typescript 46ms (cache hit)
npm http cache https://registry.npmjs.org/levn 50ms (cache hit)
npm http cache https://registry.npmjs.org/esquery 52ms (cache hit)
npm http cache https://registry.npmjs.org/ajv 61ms (cache hit)
npm http cache https://registry.npmjs.org/debug 93ms (cache hit)
npm http cache https://registry.npmjs.org/chalk 97ms (cache hit)
npm http cache https://registry.npmjs.org/ignore 100ms (cache hit)
npm http cache https://registry.npmjs.org/espree 105ms (cache hit)
npm http cache https://registry.npmjs.org/esutils 108ms (cache hit)
npm http cache https://registry.npmjs.org/is-glob 108ms (cache hit)
npm http cache https://registry.npmjs.org/find-up 112ms (cache hit)
npm http cache https://registry.npmjs.org/globals 114ms (cache hit)
npm http cache https://registry.npmjs.org/graphemer 49ms (cache hit)
npm http cache https://registry.npmjs.org/doctrine 85ms (cache hit)
npm http cache https://registry.npmjs.org/strip-ansi 35ms (cache hit)
npm http cache https://registry.npmjs.org/js-yaml 92ms (cache hit)
npm http cache https://registry.npmjs.org/minimatch 52ms (cache hit)
npm http cache https://registry.npmjs.org/@eslint%2fjs 53ms (cache hit)
npm http cache https://registry.npmjs.org/optionator 54ms (cache hit)
npm http cache https://registry.npmjs.org/text-table 50ms (cache hit)
npm http cache https://registry.npmjs.org/cross-spawn 50ms (cache hit)
npm http cache https://registry.npmjs.org/imurmurhash 45ms (cache hit)
npm http cache https://registry.npmjs.org/glob-parent 51ms (cache hit)
npm http cache https://registry.npmjs.org/is-path-inside 41ms (cache hit)
npm http cache https://registry.npmjs.org/eslint-scope 70ms (cache hit)
npm http cache https://registry.npmjs.org/lodash.merge 69ms (cache hit)
npm http cache https://registry.npmjs.org/fast-deep-equal 67ms (cache hit)
npm http cache https://registry.npmjs.org/natural-compare 64ms (cache hit)
npm http cache https://registry.npmjs.org/@eslint%2feslintrc 63ms (cache hit)
npm http cache https://registry.npmjs.org/@nodelib%2ffs.walk 61ms (cache hit)
npm http cache https://registry.npmjs.org/eslint-visitor-keys 59ms (cache hit)
npm http cache https://registry.npmjs.org/@ungap%2fstructured-clone 59ms (cache hit)
npm http cache https://registry.npmjs.org/escape-string-regexp 63ms (cache hit)
npm http cache https://registry.npmjs.org/@humanwhocodes%2fmodule-importer 35ms (cache hit)
npm http cache https://registry.npmjs.org/@eslint-community%2fregexpp 65ms (cache hit)
npm http cache https://registry.npmjs.org/@humanwhocodes%2fconfig-array 43ms (cache hit)
npm http cache https://registry.npmjs.org/json-stable-stringify-without-jsonify 40ms (cache hit)
npm http cache https://registry.npmjs.org/@eslint-community%2feslint-utils 43ms (cache hit)
npm http cache https://registry.npmjs.org/eslint-plugin-jsx-a11y 45ms (cache hit)
npm http fetch GET 200 https://registry.npmjs.org/file-entry-cache 615ms (cache revalidated)
npm http fetch GET 200 https://registry.npmjs.org/ms 507ms (cache revalidated)
npm http fetch GET 200 https://registry.npmjs.org/eslint-import-resolver-node 529ms (cache miss)
npm http fetch GET 200 https://registry.npmjs.org/eslint-import-resolver-typescript 705ms (cache miss)
npm http fetch GET 200 https://registry.npmjs.org/@rushstack%2feslint-patch 752ms (cache miss)
npm http fetch GET 200 https://registry.npmjs.org/eslint-plugin-import 765ms (cache miss)
npm http fetch GET 200 https://registry.npmjs.org/lodash.once 214ms (cache revalidated)
npm http fetch GET 200 https://registry.npmjs.org/jws 224ms (cache revalidated)
npm http fetch GET 200 https://registry.npmjs.org/semver 224ms (cache revalidated)
npm http fetch GET 200 https://registry.npmjs.org/eslint-plugin-react 818ms (cache miss)
npm http fetch GET 200 https://registry.npmjs.org/lodash.isinteger 112ms (cache revalidated)
npm http fetch GET 200 https://registry.npmjs.org/lodash.isstring 124ms (cache revalidated)
npm http fetch GET 200 https://registry.npmjs.org/lodash.isplainobject 110ms (cache revalidated)
npm http fetch GET 200 https://registry.npmjs.org/lodash.isnumber 148ms (cache revalidated)
npm http fetch GET 200 https://registry.npmjs.org/lodash.isboolean 128ms (cache revalidated)
npm http fetch GET 200 https://registry.npmjs.org/lodash.includes 366ms (cache revalidated)
npm http fetch GET 200 https://registry.npmjs.org/@swc%2fhelpers 470ms (cache miss)
npm http fetch GET 200 https://registry.npmjs.org/postcss 668ms (cache miss)
npm http fetch GET 200 https://registry.npmjs.org/styled-jsx 650ms (cache miss)
npm http fetch GET 200 https://registry.npmjs.org/sharp 665ms (cache miss)
npm http fetch GET 200 https://registry.npmjs.org/@next%2feslint-plugin-next 2653ms (cache miss)
npm http fetch GET 200 https://registry.npmjs.org/eslint-plugin-react-hooks 2798ms (cache miss)
npm http fetch GET 200 https://registry.npmjs.org/caniuse-lite 2455ms (cache updated)
npm http fetch GET 200 https://registry.npmjs.org/@typescript-eslint%2feslint-plugin 3766ms (cache miss)
npm http fetch GET 200 https://registry.npmjs.org/@next%2fswc-darwin-x64 2893ms (cache miss)
npm http fetch GET 200 https://registry.npmjs.org/loose-envify 312ms (cache miss)
npm http fetch GET 200 https://registry.npmjs.org/@next%2fswc-linux-x64-gnu 3194ms (cache miss)
npm http fetch GET 200 https://registry.npmjs.org/@next%2fswc-linux-arm64-musl 1930ms (cache miss)
npm http fetch GET 200 https://registry.npmjs.org/@next%2fswc-linux-arm64-gnu 2140ms (cache miss)
npm http fetch GET 200 https://registry.npmjs.org/@next%2fswc-linux-x64-musl 3325ms (cache miss)
npm http fetch GET 200 https://registry.npmjs.org/@next%2fenv 4125ms (cache miss)
npm http fetch GET 200 https://registry.npmjs.org/@typescript-eslint%2fparser 5047ms (cache miss)
npm http fetch GET 200 https://registry.npmjs.org/@next%2fswc-win32-x64-msvc 3587ms (cache miss)
npm http fetch GET 200 https://registry.npmjs.org/@next%2fswc-darwin-arm64 3835ms (cache miss)
npm http fetch GET 200 https://registry.npmjs.org/scheduler 1407ms (cache miss)
npm http fetch GET 200 https://registry.npmjs.org/@next%2fswc-win32-arm64-msvc 3346ms (cache miss)
npm http cache https://registry.npmjs.org/eslint 15ms (cache hit)
npm http fetch GET 200 https://registry.npmjs.org/jiti 116ms (cache revalidated)
npm http fetch GET 200 https://registry.npmjs.org/strip-json-comments 79ms (cache revalidated)
npm http fetch GET 200 https://registry.npmjs.org/which 74ms (cache revalidated)
npm http fetch GET 200 https://registry.npmjs.org/json-schema-traverse 86ms (cache revalidated)
npm http fetch GET 200 https://registry.npmjs.org/import-fresh 96ms (cache revalidated)
npm http fetch GET 200 https://registry.npmjs.org/fastq 102ms (cache miss)
npm http fetch GET 200 https://registry.npmjs.org/@humanwhocodes%2fobject-schema 110ms (cache miss)
npm http fetch GET 200 https://registry.npmjs.org/@nodelib%2ffs.scandir 126ms (cache miss)
npm http fetch GET 200 https://registry.npmjs.org/estraverse 126ms (cache revalidated)
npm http fetch GET 200 https://registry.npmjs.org/estraverse 95ms (cache revalidated)
npm http fetch GET 200 https://registry.npmjs.org/shebang-command 144ms (cache revalidated)
npm http fetch GET 200 https://registry.npmjs.org/fast-json-stable-stringify 225ms (cache revalidated)
npm http fetch GET 200 https://registry.npmjs.org/uri-js 223ms (cache revalidated)
npm http fetch GET 200 https://registry.npmjs.org/ansi-styles 224ms (cache revalidated)
npm http fetch GET 200 https://registry.npmjs.org/acorn 125ms (cache revalidated)
npm http fetch GET 200 https://registry.npmjs.org/esrecurse 144ms (cache revalidated)
npm http fetch GET 200 https://registry.npmjs.org/path-key 158ms (cache revalidated)
npm http fetch GET 200 https://registry.npmjs.org/supports-color 232ms (cache revalidated)
npm http fetch GET 200 https://registry.npmjs.org/acorn-jsx 128ms (cache revalidated)
npm http fetch GET 200 https://registry.npmjs.org/is-extglob 116ms (cache revalidated)
npm http fetch GET 200 https://registry.npmjs.org/flat-cache 123ms (cache revalidated)
npm http fetch GET 200 https://registry.npmjs.org/type-check 114ms (cache revalidated)
npm http fetch GET 200 https://registry.npmjs.org/prelude-ls 111ms (cache revalidated)
npm http fetch GET 200 https://registry.npmjs.org/prelude-ls 117ms (cache revalidated)
npm http fetch GET 200 https://registry.npmjs.org/argparse 122ms (cache revalidated)
npm http fetch GET 200 https://registry.npmjs.org/brace-expansion 116ms (cache revalidated)
npm http fetch GET 200 https://registry.npmjs.org/deep-is 112ms (cache revalidated)
npm http fetch GET 200 https://registry.npmjs.org/locate-path 130ms (cache revalidated)
npm http fetch GET 200 https://registry.npmjs.org/path-exists 130ms (cache revalidated)
npm http cache https://registry.npmjs.org/type-check 22ms (cache hit)
npm http fetch GET 200 https://registry.npmjs.org/word-wrap 82ms (cache revalidated)
npm http fetch GET 200 https://registry.npmjs.org/fast-levenshtein 79ms (cache revalidated)
npm http fetch GET 200 https://registry.npmjs.org/ansi-regex 313ms (cache miss)
npm http fetch GET 200 https://registry.npmjs.org/type-fest 474ms (cache miss)
npm http fetch GET 200 https://registry.npmjs.org/parent-module 86ms (cache revalidated)
npm http fetch GET 200 https://registry.npmjs.org/resolve-from 88ms (cache revalidated)
npm http fetch GET 200 https://registry.npmjs.org/reusify 81ms (cache miss)
npm http fetch GET 200 https://registry.npmjs.org/run-parallel 82ms (cache miss)
npm http fetch GET 200 https://registry.npmjs.org/@nodelib%2ffs.stat 101ms (cache miss)
npm http fetch GET 200 https://registry.npmjs.org/queue-microtask 157ms (cache miss)
npm http fetch GET 200 https://registry.npmjs.org/punycode 85ms (cache revalidated)
npm http fetch GET 200 https://registry.npmjs.org/color-convert 82ms (cache revalidated)
npm http fetch GET 200 https://registry.npmjs.org/has-flag 84ms (cache revalidated)
npm http fetch GET 200 https://registry.npmjs.org/color-name 78ms (cache revalidated)
npm http fetch GET 200 https://registry.npmjs.org/shebang-regex 86ms (cache revalidated)
npm http fetch GET 200 https://registry.npmjs.org/isexe 87ms (cache revalidated)
npm http cache https://registry.npmjs.org/eslint 15ms (cache hit)
npm http fetch GET 200 https://registry.npmjs.org/eslint-plugin-import-x 154ms (cache miss)
npm http fetch GET 200 https://registry.npmjs.org/@typescript-eslint%2futils 2123ms (cache miss)
npm http cache https://registry.npmjs.org/@typescript-eslint%2futils 65ms (cache hit)
npm http fetch GET 200 https://registry.npmjs.org/fast-glob 129ms (cache miss)
npm http fetch GET 200 https://registry.npmjs.org/is-core-module 162ms (cache miss)
npm http fetch GET 200 https://registry.npmjs.org/ts-api-utils 255ms (cache miss)
npm http fetch GET 200 https://registry.npmjs.org/tinyglobby 129ms (cache miss)
npm http fetch GET 200 https://registry.npmjs.org/resolve 234ms (cache miss)
npm http fetch GET 200 https://registry.npmjs.org/stable-hash 196ms (cache miss)
npm http fetch GET 200 https://registry.npmjs.org/is-bun-module 217ms (cache miss)
npm http fetch GET 200 https://registry.npmjs.org/get-tsconfig 294ms (cache miss)
npm http fetch GET 200 https://registry.npmjs.org/@nolyfill%2fis-core-module 260ms (cache miss)
npm http fetch GET 200 https://registry.npmjs.org/unrs-resolver 293ms (cache miss)
npm http fetch GET 200 https://registry.npmjs.org/@rtsao%2fscc 225ms (cache miss)
npm http fetch GET 200 https://registry.npmjs.org/array-includes 167ms (cache miss)
npm http fetch GET 200 https://registry.npmjs.org/array.prototype.flat 182ms (cache miss)
npm http fetch GET 200 https://registry.npmjs.org/array.prototype.findlastindex 206ms (cache miss)
npm http fetch GET 200 https://registry.npmjs.org/array.prototype.flatmap 184ms (cache miss)
npm http fetch GET 200 https://registry.npmjs.org/eslint-module-utils 210ms (cache miss)
npm http fetch GET 200 https://registry.npmjs.org/hasown 215ms (cache revalidated)
npm http fetch GET 200 https://registry.npmjs.org/object.fromentries 218ms (cache miss)
npm http fetch GET 200 https://registry.npmjs.org/object.groupby 207ms (cache miss)
npm http fetch GET 200 https://registry.npmjs.org/object.values 210ms (cache miss)
npm http cache https://registry.npmjs.org/array-includes 7ms (cache hit)
npm http cache https://registry.npmjs.org/array.prototype.flatmap 8ms (cache hit)
npm http fetch GET 200 https://registry.npmjs.org/string.prototype.trimend 208ms (cache miss)
npm http fetch GET 200 https://registry.npmjs.org/tsconfig-paths 273ms (cache miss)
npm http fetch GET 200 https://registry.npmjs.org/aria-query 258ms (cache miss)
npm http fetch GET 200 https://registry.npmjs.org/ast-types-flow 279ms (cache miss)
npm http fetch GET 200 https://registry.npmjs.org/damerau-levenshtein 297ms (cache miss)
npm http fetch GET 200 https://registry.npmjs.org/axobject-query 386ms (cache miss)
npm http fetch GET 200 https://registry.npmjs.org/emoji-regex 275ms (cache miss)
npm http fetch GET 200 https://registry.npmjs.org/jsx-ast-utils 230ms (cache miss)
npm http fetch GET 200 https://registry.npmjs.org/language-tags 239ms (cache miss)
npm http fetch GET 200 https://registry.npmjs.org/@typescript-eslint%2fscope-manager 1962ms (cache miss)
npm http fetch GET 200 https://registry.npmjs.org/safe-regex-test 349ms (cache miss)
npm http fetch GET 200 https://registry.npmjs.org/string.prototype.includes 194ms (cache miss)
npm http cache https://registry.npmjs.org/jsx-ast-utils 6ms (cache hit)
npm http fetch GET 200 https://registry.npmjs.org/array.prototype.findlast 153ms (cache miss)
npm http fetch GET 200 https://registry.npmjs.org/object.entries 123ms (cache miss)
npm http fetch GET 200 https://registry.npmjs.org/array.prototype.tosorted 165ms (cache miss)
npm http cache https://registry.npmjs.org/resolve 15ms (cache hit)
npm http fetch GET 200 https://registry.npmjs.org/es-iterator-helpers 171ms (cache miss)
npm http fetch GET 200 https://registry.npmjs.org/string.prototype.matchall 165ms (cache miss)
npm http fetch GET 200 https://registry.npmjs.org/string.prototype.repeat 152ms (cache miss)
npm http fetch GET 200 https://registry.npmjs.org/@typescript-eslint%2ftype-utils 2399ms (cache miss)
npm http fetch GET 200 https://registry.npmjs.org/prop-types 364ms (cache miss)
npm http fetch GET 200 https://registry.npmjs.org/axe-core 1712ms (cache miss)
npm http fetch GET 200 https://registry.npmjs.org/@typescript-eslint%2ftypes 3833ms (cache miss)
npm http fetch GET 200 https://registry.npmjs.org/@typescript-eslint%2fvisitor-keys 4636ms (cache miss)
npm http fetch GET 200 https://registry.npmjs.org/@typescript-eslint%2fscope-manager 4769ms (cache miss)
npm http fetch GET 200 https://registry.npmjs.org/@typescript-eslint%2fvisitor-keys 4953ms (cache miss)
npm http fetch GET 200 https://registry.npmjs.org/@typescript-eslint%2ftypescript-estree 6292ms (cache miss)
npm http fetch GET 200 https://registry.npmjs.org/merge2 95ms (cache miss)
npm http fetch GET 200 https://registry.npmjs.org/micromatch 397ms (cache miss)
npm http cache https://registry.npmjs.org/typescript 75ms (cache hit)
npm http cache https://registry.npmjs.org/eslint 15ms (cache hit)
npm http cache https://registry.npmjs.org/tinyglobby 22ms (cache hit)
npm http fetch GET 200 https://registry.npmjs.org/@typescript-eslint%2ftsconfig-utils 183ms (cache miss)
npm http fetch GET 200 https://registry.npmjs.org/@typescript-eslint%2fproject-service 1616ms (cache miss)
npm http cache https://registry.npmjs.org/@typescript-eslint%2ftsconfig-utils 13ms (cache hit)
npm http fetch GET 200 https://registry.npmjs.org/picomatch 176ms (cache revalidated)
npm http fetch GET 200 https://registry.npmjs.org/fdir 183ms (cache miss)
npm http fetch GET 200 https://registry.npmjs.org/supports-preserve-symlinks-flag 80ms (cache miss)
npm http fetch GET 200 https://registry.npmjs.org/path-parse 82ms (cache miss)
npm http fetch GET 200 https://registry.npmjs.org/object-keys 82ms (cache miss)
npm http fetch GET 200 https://registry.npmjs.org/node-exports-info 103ms (cache miss)
npm http fetch GET 200 https://registry.npmjs.org/es-errors 109ms (cache revalidated)
npm http fetch GET 200 https://registry.npmjs.org/@unrs%2fresolver-binding-linux-arm64-musl 137ms (cache miss)
npm http fetch GET 200 https://registry.npmjs.org/napi-postinstall 141ms (cache miss)
npm http fetch GET 200 https://registry.npmjs.org/@unrs%2fresolver-binding-android-arm64 142ms (cache miss)
npm http fetch GET 200 https://registry.npmjs.org/@unrs%2fresolver-binding-win32-x64-msvc 146ms (cache miss)
npm http fetch GET 200 https://registry.npmjs.org/@unrs%2fresolver-binding-linux-x64-musl 148ms (cache miss)
npm http fetch GET 200 https://registry.npmjs.org/@unrs%2fresolver-binding-linux-arm64-gnu 151ms (cache miss)
npm http fetch GET 200 https://registry.npmjs.org/@unrs%2fresolver-binding-freebsd-x64 153ms (cache miss)
npm http fetch GET 200 https://registry.npmjs.org/resolve-pkg-maps 157ms (cache miss)
npm http fetch GET 200 https://registry.npmjs.org/@unrs%2fresolver-binding-android-arm-eabi 100ms (cache miss)
npm http fetch GET 200 https://registry.npmjs.org/@unrs%2fresolver-binding-linux-ppc64-gnu 95ms (cache miss)
npm http fetch GET 200 https://registry.npmjs.org/@unrs%2fresolver-binding-linux-arm-musleabihf 99ms (cache miss)
npm http fetch GET 200 https://registry.npmjs.org/@unrs%2fresolver-binding-linux-s390x-gnu 90ms (cache miss)
npm http fetch GET 200 https://registry.npmjs.org/@unrs%2fresolver-binding-linux-riscv64-musl 95ms (cache miss)
npm http fetch GET 200 https://registry.npmjs.org/@unrs%2fresolver-binding-linux-riscv64-gnu 99ms (cache miss)
npm http fetch GET 200 https://registry.npmjs.org/@unrs%2fresolver-binding-linux-arm-gnueabihf 109ms (cache miss)
npm http fetch GET 200 https://registry.npmjs.org/@unrs%2fresolver-binding-darwin-x64 147ms (cache miss)
npm http fetch GET 200 https://registry.npmjs.org/@unrs%2fresolver-binding-win32-arm64-msvc 307ms (cache miss)
npm http fetch GET 200 https://registry.npmjs.org/@unrs%2fresolver-binding-darwin-arm64 78ms (cache miss)
npm http fetch GET 200 https://registry.npmjs.org/@unrs%2fresolver-binding-wasm32-wasi 87ms (cache miss)
npm http fetch GET 200 https://registry.npmjs.org/@unrs%2fresolver-binding-win32-ia32-msvc 336ms (cache miss)
npm http fetch GET 200 https://registry.npmjs.org/@unrs%2fresolver-binding-linux-x64-gnu 350ms (cache miss)
npm http fetch GET 200 https://registry.npmjs.org/get-intrinsic 130ms (cache revalidated)
npm http fetch GET 200 https://registry.npmjs.org/call-bound 134ms (cache revalidated)
npm http fetch GET 200 https://registry.npmjs.org/call-bound 134ms (cache revalidated)
npm http fetch GET 200 https://registry.npmjs.org/math-intrinsics 136ms (cache revalidated)
npm http fetch GET 200 https://registry.npmjs.org/es-object-atoms 138ms (cache revalidated)
npm http fetch GET 200 https://registry.npmjs.org/define-properties 145ms (cache miss)
npm http fetch GET 200 https://registry.npmjs.org/is-string 149ms (cache miss)
npm http fetch GET 200 https://registry.npmjs.org/call-bind 156ms (cache miss)
npm http fetch GET 200 https://registry.npmjs.org/define-properties 160ms (cache miss)
npm http fetch GET 200 https://registry.npmjs.org/call-bind 161ms (cache miss)
npm http cache https://registry.npmjs.org/es-object-atoms 34ms (cache hit)
npm http fetch GET 200 https://registry.npmjs.org/es-abstract 173ms (cache miss)
npm http cache https://registry.npmjs.org/call-bind 17ms (cache hit)
npm http cache https://registry.npmjs.org/es-abstract 14ms (cache hit)
npm http cache https://registry.npmjs.org/es-abstract 18ms (cache hit)
npm http fetch GET 200 https://registry.npmjs.org/call-bind 84ms (cache miss)
npm http fetch GET 200 https://registry.npmjs.org/es-shim-unscopables 72ms (cache miss)
npm http fetch GET 200 https://registry.npmjs.org/define-properties 90ms (cache miss)
npm http fetch GET 200 https://registry.npmjs.org/es-shim-unscopables 97ms (cache miss)
npm http fetch GET 200 https://registry.npmjs.org/es-shim-unscopables 88ms (cache miss)
npm http fetch GET 200 https://registry.npmjs.org/function-bind 91ms (cache revalidated)
npm http fetch GET 200 https://registry.npmjs.org/es-abstract 98ms (cache miss)
npm http fetch GET 200 https://registry.npmjs.org/es-abstract 150ms (cache miss)
npm http fetch GET 200 https://registry.npmjs.org/minimist 96ms (cache miss)
npm http fetch GET 200 https://registry.npmjs.org/json5 109ms (cache miss)
npm http fetch GET 200 https://registry.npmjs.org/@types%2fjson5 98ms (cache miss)
npm http fetch GET 200 https://registry.npmjs.org/es-abstract 276ms (cache miss)
npm http fetch GET 200 https://registry.npmjs.org/strip-bom 310ms (cache miss)
npm http fetch GET 200 https://registry.npmjs.org/call-bind-apply-helpers 123ms (cache revalidated)
npm http fetch GET 200 https://registry.npmjs.org/call-bind-apply-helpers 126ms (cache revalidated)
npm http fetch GET 200 https://registry.npmjs.org/es-define-property 127ms (cache revalidated)
npm http fetch GET 200 https://registry.npmjs.org/available-typed-arrays 129ms (cache miss)
npm http fetch GET 200 https://registry.npmjs.org/data-view-byte-length 132ms (cache miss)
npm http fetch GET 200 https://registry.npmjs.org/has-property-descriptors 138ms (cache miss)
npm http fetch GET 200 https://registry.npmjs.org/data-view-buffer 137ms (cache miss)
npm http fetch GET 200 https://registry.npmjs.org/define-data-property 142ms (cache miss)
npm http fetch GET 200 https://registry.npmjs.org/array-buffer-byte-length 143ms (cache miss)
npm http fetch GET 200 https://registry.npmjs.org/set-function-length 146ms (cache miss)
npm http fetch GET 200 https://registry.npmjs.org/arraybuffer.prototype.slice 149ms (cache miss)
npm http cache https://registry.npmjs.org/es-define-property 32ms (cache hit)
npm http cache https://registry.npmjs.org/has-property-descriptors 18ms (cache hit)
npm http fetch GET 200 https://registry.npmjs.org/data-view-byte-offset 83ms (cache miss)
npm http fetch GET 200 https://registry.npmjs.org/es-set-tostringtag 84ms (cache miss)
npm http fetch GET 200 https://registry.npmjs.org/globalthis 72ms (cache miss)
npm http fetch GET 200 https://registry.npmjs.org/es-to-primitive 84ms (cache miss)
npm http fetch GET 200 https://registry.npmjs.org/function.prototype.name 82ms (cache miss)
npm http fetch GET 200 https://registry.npmjs.org/has-symbols 72ms (cache revalidated)
npm http fetch GET 200 https://registry.npmjs.org/get-proto 94ms (cache revalidated)
npm http fetch GET 200 https://registry.npmjs.org/gopd 99ms (cache revalidated)
npm http fetch GET 200 https://registry.npmjs.org/has-proto 100ms (cache miss)
npm http fetch GET 200 https://registry.npmjs.org/get-symbol-description 113ms (cache miss)
npm http fetch GET 200 https://registry.npmjs.org/internal-slot 90ms (cache miss)
npm http fetch GET 200 https://registry.npmjs.org/is-array-buffer 88ms (cache miss)
npm http fetch GET 200 https://registry.npmjs.org/is-data-view 88ms (cache miss)
npm http fetch GET 200 https://registry.npmjs.org/is-regex 86ms (cache miss)
npm http fetch GET 200 https://registry.npmjs.org/is-negative-zero 92ms (cache miss)
npm http fetch GET 200 https://registry.npmjs.org/is-callable 99ms (cache miss)
npm http fetch GET 200 https://registry.npmjs.org/is-shared-array-buffer 82ms (cache miss)
npm http fetch GET 200 https://registry.npmjs.org/is-set 91ms (cache miss)
npm http cache https://registry.npmjs.org/safe-regex-test 13ms (cache hit)
npm http fetch GET 200 https://registry.npmjs.org/object-inspect 85ms (cache revalidated)
npm http fetch GET 200 https://registry.npmjs.org/is-weakref 94ms (cache miss)
npm http fetch GET 200 https://registry.npmjs.org/safe-array-concat 79ms (cache miss)
npm http fetch GET 200 https://registry.npmjs.org/set-proto 75ms (cache miss)
npm http fetch GET 200 https://registry.npmjs.org/safe-push-apply 82ms (cache miss)
npm http fetch GET 200 https://registry.npmjs.org/is-typed-array 149ms (cache miss)
npm http fetch GET 200 https://registry.npmjs.org/own-keys 100ms (cache miss)
npm http fetch GET 200 https://registry.npmjs.org/regexp.prototype.flags 93ms (cache miss)
npm http fetch GET 200 https://registry.npmjs.org/stop-iteration-iterator 84ms (cache miss)
npm http fetch GET 200 https://registry.npmjs.org/string.prototype.trim 98ms (cache miss)
npm http fetch GET 200 https://registry.npmjs.org/typed-array-buffer 84ms (cache miss)
npm http fetch GET 200 https://registry.npmjs.org/string.prototype.trimstart 91ms (cache miss)
npm http fetch GET 200 https://registry.npmjs.org/typed-array-byte-length 87ms (cache miss)
npm http fetch GET 200 https://registry.npmjs.org/object.assign 222ms (cache miss)
npm http fetch GET 200 https://registry.npmjs.org/typed-array-byte-offset 86ms (cache miss)
npm http fetch GET 200 https://registry.npmjs.org/unbox-primitive 84ms (cache miss)
npm http fetch GET 200 https://registry.npmjs.org/typed-array-length 87ms (cache miss)
npm http fetch GET 200 https://registry.npmjs.org/has-tostringtag 82ms (cache miss)
npm http fetch GET 200 https://registry.npmjs.org/which-typed-array 93ms (cache miss)
npm http cache https://registry.npmjs.org/define-data-property 8ms (cache hit)
npm http cache https://registry.npmjs.org/is-array-buffer 20ms (cache hit)
npm http cache https://registry.npmjs.org/is-data-view 23ms (cache hit)
npm http cache https://registry.npmjs.org/is-typed-array 24ms (cache hit)
npm http cache https://registry.npmjs.org/which-typed-array 25ms (cache hit)
npm http fetch GET 200 https://registry.npmjs.org/dunder-proto 101ms (cache revalidated)
npm http fetch GET 200 https://registry.npmjs.org/dunder-proto 103ms (cache revalidated)
npm http fetch GET 200 https://registry.npmjs.org/dunder-proto 77ms (cache revalidated)
npm http fetch GET 200 https://registry.npmjs.org/possible-typed-array-names 113ms (cache miss)
npm http fetch GET 200 https://registry.npmjs.org/is-date-object 114ms (cache miss)
npm http fetch GET 200 https://registry.npmjs.org/is-symbol 117ms (cache miss)
npm http fetch GET 200 https://registry.npmjs.org/side-channel 118ms (cache revalidated)
npm http fetch GET 200 https://registry.npmjs.org/isarray 98ms (cache miss)
npm http fetch GET 200 https://registry.npmjs.org/set-function-name 102ms (cache miss)
npm http fetch GET 200 https://registry.npmjs.org/functions-have-names 123ms (cache miss)
npm http fetch GET 200 https://registry.npmjs.org/isarray 101ms (cache miss)
npm http fetch GET 200 https://registry.npmjs.org/for-each 114ms (cache miss)
npm http fetch GET 200 https://registry.npmjs.org/for-each 97ms (cache miss)
npm http fetch GET 200 https://registry.npmjs.org/for-each 114ms (cache miss)
npm http fetch GET 200 https://registry.npmjs.org/has-bigints 101ms (cache miss)
npm http fetch GET 200 https://registry.npmjs.org/for-each 108ms (cache miss)
npm http fetch GET 200 https://registry.npmjs.org/reflect.getprototypeof 115ms (cache miss)
npm http fetch GET 200 https://registry.npmjs.org/which-boxed-primitive 102ms (cache miss)
npm http fetch GET 200 https://registry.npmjs.org/reflect.getprototypeof 108ms (cache miss)
npm http fetch GET 200 https://registry.npmjs.org/language-subtag-registry 111ms (cache miss)
npm http cache https://registry.npmjs.org/loose-envify 18ms (cache hit)
npm http fetch GET 200 https://registry.npmjs.org/object-assign 96ms (cache revalidated)
npm http fetch GET 200 https://registry.npmjs.org/iterator.prototype 101ms (cache miss)
npm http fetch GET 200 https://registry.npmjs.org/react-is 3406ms (cache updated)
npm http fetch GET 200 https://registry.npmjs.org/braces 75ms (cache revalidated)
npm http fetch GET 200 https://registry.npmjs.org/keyv 79ms (cache revalidated)
npm http fetch GET 200 https://registry.npmjs.org/flatted 87ms (cache revalidated)
npm http fetch GET 200 https://registry.npmjs.org/rimraf 133ms (cache miss)
npm http fetch GET 200 https://registry.npmjs.org/p-locate 94ms (cache revalidated)
npm http fetch GET 200 https://registry.npmjs.org/json-buffer 108ms (cache revalidated)
npm http fetch GET 200 https://registry.npmjs.org/glob 152ms (cache miss)
npm http fetch GET 200 https://registry.npmjs.org/callsites 74ms (cache revalidated)
npm http fetch GET 200 https://registry.npmjs.org/side-channel-map 65ms (cache revalidated)
npm http fetch GET 200 https://registry.npmjs.org/side-channel-weakmap 92ms (cache revalidated)
npm http fetch GET 200 https://registry.npmjs.org/side-channel-list 97ms (cache revalidated)
npm http fetch GET 200 https://registry.npmjs.org/jwa 102ms (cache revalidated)
npm http fetch GET 200 https://registry.npmjs.org/safe-buffer 135ms (cache revalidated)
npm http fetch GET 200 https://registry.npmjs.org/buffer-equal-constant-time 108ms (cache revalidated)
npm http fetch GET 200 https://registry.npmjs.org/ecdsa-sig-formatter 109ms (cache revalidated)
npm http fetch GET 200 https://registry.npmjs.org/p-limit 93ms (cache revalidated)
npm http fetch GET 200 https://registry.npmjs.org/fill-range 113ms (cache revalidated)
npm http fetch GET 200 https://registry.npmjs.org/to-regex-range 72ms (cache revalidated)
npm http fetch GET 200 https://registry.npmjs.org/is-number 101ms (cache revalidated)
npm http fetch GET 200 https://registry.npmjs.org/balanced-match 103ms (cache revalidated)
npm http fetch GET 200 https://registry.npmjs.org/concat-map 105ms (cache revalidated)
npm http cache https://registry.npmjs.org/react 28ms (cache hit)
npm http fetch GET 200 https://registry.npmjs.org/picocolors 76ms (cache revalidated)
npm http fetch GET 200 https://registry.npmjs.org/tslib 78ms (cache revalidated)
npm http fetch GET 200 https://registry.npmjs.org/detect-libc 87ms (cache miss)
npm http fetch GET 200 https://registry.npmjs.org/@img%2fsharp-linux-x64 94ms (cache miss)
npm http fetch GET 200 https://registry.npmjs.org/@img%2fcolour 102ms (cache miss)
npm http fetch GET 200 https://registry.npmjs.org/@img%2fsharp-darwin-x64 104ms (cache miss)
npm http fetch GET 200 https://registry.npmjs.org/@img%2fsharp-linux-arm 106ms (cache miss)
npm http fetch GET 200 https://registry.npmjs.org/@img%2fsharp-win32-x64 121ms (cache miss)
npm http fetch GET 200 https://registry.npmjs.org/source-map-js 125ms (cache miss)
npm http fetch GET 200 https://registry.npmjs.org/nanoid 175ms (cache miss)
npm http fetch GET 200 https://registry.npmjs.org/@img%2fsharp-linux-arm64 145ms (cache miss)
npm http fetch GET 200 https://registry.npmjs.org/@img%2fsharp-win32-arm64 126ms (cache miss)
npm http fetch GET 200 https://registry.npmjs.org/@img%2fsharp-linux-s390x 133ms (cache miss)
npm http fetch GET 200 https://registry.npmjs.org/@img%2fsharp-darwin-arm64 126ms (cache miss)
npm http fetch GET 200 https://registry.npmjs.org/@img%2fsharp-linuxmusl-x64 120ms (cache miss)
npm http fetch GET 200 https://registry.npmjs.org/@img%2fsharp-linuxmusl-arm64 118ms (cache miss)
npm http fetch GET 200 https://registry.npmjs.org/@img%2fsharp-libvips-linux-arm 94ms (cache miss)
npm http fetch GET 200 https://registry.npmjs.org/@img%2fsharp-wasm32 350ms (cache miss)
npm http fetch GET 200 https://registry.npmjs.org/@img%2fsharp-libvips-linux-x64 126ms (cache miss)
npm http fetch GET 200 https://registry.npmjs.org/@img%2fsharp-libvips-darwin-x64 125ms (cache miss)
npm http fetch GET 200 https://registry.npmjs.org/@img%2fsharp-libvips-linux-ppc64 122ms (cache miss)
npm http fetch GET 200 https://registry.npmjs.org/@img%2fsharp-libvips-linux-arm64 125ms (cache miss)
npm http fetch GET 200 https://registry.npmjs.org/@img%2fsharp-libvips-darwin-arm64 128ms (cache miss)
npm http fetch GET 200 https://registry.npmjs.org/@img%2fsharp-linux-ppc64 286ms (cache miss)
npm http fetch GET 200 https://registry.npmjs.org/client-only 80ms (cache miss)
npm http fetch GET 200 https://registry.npmjs.org/@img%2fsharp-libvips-linuxmusl-x64 94ms (cache miss)
npm http fetch GET 200 https://registry.npmjs.org/@img%2fsharp-linux-riscv64 373ms (cache miss)
npm http fetch GET 200 https://registry.npmjs.org/@img%2fsharp-libvips-linuxmusl-arm64 129ms (cache miss)
npm http fetch GET 200 https://registry.npmjs.org/@img%2fsharp-win32-ia32 669ms (cache miss)
npm http fetch GET 200 https://registry.npmjs.org/@img%2fsharp-libvips-linux-s390x 1126ms (cache miss)
npm http fetch GET 200 https://registry.npmjs.org/@img%2fsharp-libvips-linux-riscv64 1805ms (cache miss)
npm http fetch GET 200 https://registry.npmjs.org/yocto-queue 79ms (cache revalidated)
npm http fetch GET 200 https://registry.npmjs.org/js-tokens 144ms (cache miss)
npm http fetch GET 200 https://registry.npmjs.org/path-is-absolute 90ms (cache miss)
npm http fetch GET 200 https://registry.npmjs.org/fs.realpath 91ms (cache miss)
npm http fetch GET 200 https://registry.npmjs.org/once 118ms (cache revalidated)
npm http fetch GET 200 https://registry.npmjs.org/inherits 127ms (cache revalidated)
npm http fetch GET 200 https://registry.npmjs.org/inflight 161ms (cache miss)
npm http fetch GET 200 https://registry.npmjs.org/wrappy 81ms (cache revalidated)
npm http fetch GET 200 https://registry.npmjs.org/wrappy 82ms (cache revalidated)
npm http fetch GET 200 https://registry.npmjs.org/@emnapi%2fruntime 113ms (cache miss)
npm http cache https://registry.npmjs.org/minimist 29ms (cache hit)
npm http fetch GET 200 https://registry.npmjs.org/which-builtin-type 89ms (cache miss)
npm http cache https://registry.npmjs.org/which-boxed-primitive 31ms (cache hit)
npm http fetch GET 200 https://registry.npmjs.org/which-collection 70ms (cache miss)
npm http fetch GET 200 https://registry.npmjs.org/is-finalizationregistry 74ms (cache miss)
npm http fetch GET 200 https://registry.npmjs.org/is-generator-function 74ms (cache miss)
npm http fetch GET 200 https://registry.npmjs.org/is-async-function 77ms (cache miss)
npm http fetch GET 200 https://registry.npmjs.org/is-bigint 72ms (cache miss)
npm http fetch GET 200 https://registry.npmjs.org/is-number-object 84ms (cache miss)
npm http fetch GET 200 https://registry.npmjs.org/is-boolean-object 251ms (cache miss)
npm http fetch GET 200 https://registry.npmjs.org/@napi-rs%2fwasm-runtime 87ms (cache miss)
npm http fetch GET 200 https://registry.npmjs.org/@emnapi%2fcore 149ms (cache miss)
npm http fetch GET 200 https://registry.npmjs.org/@tybys%2fwasm-util 173ms (cache miss)
npm http fetch GET 200 https://registry.npmjs.org/@emnapi%2fwasi-threads 101ms (cache miss)
npm http fetch GET 200 https://registry.npmjs.org/generator-function 80ms (cache miss)
npm http fetch GET 200 https://registry.npmjs.org/async-function 87ms (cache miss)
npm http fetch GET 200 https://registry.npmjs.org/is-weakmap 87ms (cache miss)
npm http fetch GET 200 https://registry.npmjs.org/is-map 88ms (cache miss)
npm http fetch GET 200 https://registry.npmjs.org/is-weakset 89ms (cache miss)
npm verbose reify failed optional dependency C:\Users\rioan\Desktop\my-project\node_modules\@unrs\resolver-binding-win32-ia32-msvc
npm verbose reify failed optional dependency C:\Users\rioan\Desktop\my-project\node_modules\@unrs\resolver-binding-win32-arm64-msvc
npm verbose reify failed optional dependency C:\Users\rioan\Desktop\my-project\node_modules\@unrs\resolver-binding-wasm32-wasi
npm verbose reify failed optional dependency C:\Users\rioan\Desktop\my-project\node_modules\@napi-rs\wasm-runtime
npm verbose reify failed optional dependency C:\Users\rioan\Desktop\my-project\node_modules\@emnapi\core
npm verbose reify failed optional dependency C:\Users\rioan\Desktop\my-project\node_modules\@tybys\wasm-util
npm verbose reify failed optional dependency C:\Users\rioan\Desktop\my-project\node_modules\@emnapi\wasi-threads
npm verbose reify failed optional dependency C:\Users\rioan\Desktop\my-project\node_modules\@unrs\resolver-binding-linux-x64-musl
npm verbose reify failed optional dependency C:\Users\rioan\Desktop\my-project\node_modules\@unrs\resolver-binding-linux-x64-gnu
npm verbose reify failed optional dependency C:\Users\rioan\Desktop\my-project\node_modules\@unrs\resolver-binding-linux-s390x-gnu
npm verbose reify failed optional dependency C:\Users\rioan\Desktop\my-project\node_modules\@unrs\resolver-binding-linux-riscv64-musl
npm verbose reify failed optional dependency C:\Users\rioan\Desktop\my-project\node_modules\@unrs\resolver-binding-linux-riscv64-gnu
npm verbose reify failed optional dependency C:\Users\rioan\Desktop\my-project\node_modules\@unrs\resolver-binding-linux-ppc64-gnu
npm verbose reify failed optional dependency C:\Users\rioan\Desktop\my-project\node_modules\@unrs\resolver-binding-linux-arm64-musl
npm verbose reify failed optional dependency C:\Users\rioan\Desktop\my-project\node_modules\@unrs\resolver-binding-linux-arm64-gnu
npm verbose reify failed optional dependency C:\Users\rioan\Desktop\my-project\node_modules\@unrs\resolver-binding-linux-arm-musleabihf
npm verbose reify failed optional dependency C:\Users\rioan\Desktop\my-project\node_modules\@unrs\resolver-binding-linux-arm-gnueabihf
npm verbose reify failed optional dependency C:\Users\rioan\Desktop\my-project\node_modules\@unrs\resolver-binding-freebsd-x64
npm verbose reify failed optional dependency C:\Users\rioan\Desktop\my-project\node_modules\@unrs\resolver-binding-darwin-x64
npm verbose reify failed optional dependency C:\Users\rioan\Desktop\my-project\node_modules\@unrs\resolver-binding-darwin-arm64
npm verbose reify failed optional dependency C:\Users\rioan\Desktop\my-project\node_modules\@unrs\resolver-binding-android-arm64
npm verbose reify failed optional dependency C:\Users\rioan\Desktop\my-project\node_modules\@unrs\resolver-binding-android-arm-eabi
npm verbose reify failed optional dependency C:\Users\rioan\Desktop\my-project\node_modules\@img\sharp-win32-ia32
npm verbose reify failed optional dependency C:\Users\rioan\Desktop\my-project\node_modules\@img\sharp-win32-arm64
npm verbose reify failed optional dependency C:\Users\rioan\Desktop\my-project\node_modules\@img\sharp-wasm32
npm verbose reify failed optional dependency C:\Users\rioan\Desktop\my-project\node_modules\@img\sharp-linuxmusl-x64
npm verbose reify failed optional dependency C:\Users\rioan\Desktop\my-project\node_modules\@img\sharp-linuxmusl-arm64
npm verbose reify failed optional dependency C:\Users\rioan\Desktop\my-project\node_modules\@img\sharp-linux-x64
npm verbose reify failed optional dependency C:\Users\rioan\Desktop\my-project\node_modules\@img\sharp-linux-s390x
npm verbose reify failed optional dependency C:\Users\rioan\Desktop\my-project\node_modules\@img\sharp-linux-riscv64
npm verbose reify failed optional dependency C:\Users\rioan\Desktop\my-project\node_modules\@img\sharp-linux-ppc64
npm verbose reify failed optional dependency C:\Users\rioan\Desktop\my-project\node_modules\@img\sharp-linux-arm64
npm verbose reify failed optional dependency C:\Users\rioan\Desktop\my-project\node_modules\@img\sharp-linux-arm
npm verbose reify failed optional dependency C:\Users\rioan\Desktop\my-project\node_modules\@img\sharp-libvips-linuxmusl-x64
npm verbose reify failed optional dependency C:\Users\rioan\Desktop\my-project\node_modules\@img\sharp-libvips-linuxmusl-arm64
npm verbose reify failed optional dependency C:\Users\rioan\Desktop\my-project\node_modules\@img\sharp-libvips-linux-x64
npm verbose reify failed optional dependency C:\Users\rioan\Desktop\my-project\node_modules\@img\sharp-libvips-linux-s390x
npm verbose reify failed optional dependency C:\Users\rioan\Desktop\my-project\node_modules\@img\sharp-libvips-linux-riscv64
npm verbose reify failed optional dependency C:\Users\rioan\Desktop\my-project\node_modules\@img\sharp-libvips-linux-ppc64
npm verbose reify failed optional dependency C:\Users\rioan\Desktop\my-project\node_modules\@img\sharp-libvips-linux-arm64
npm verbose reify failed optional dependency C:\Users\rioan\Desktop\my-project\node_modules\@img\sharp-libvips-linux-arm
npm verbose reify failed optional dependency C:\Users\rioan\Desktop\my-project\node_modules\@img\sharp-libvips-darwin-x64
npm verbose reify failed optional dependency C:\Users\rioan\Desktop\my-project\node_modules\@img\sharp-libvips-darwin-arm64
npm verbose reify failed optional dependency C:\Users\rioan\Desktop\my-project\node_modules\@img\sharp-darwin-x64
npm verbose reify failed optional dependency C:\Users\rioan\Desktop\my-project\node_modules\@img\sharp-darwin-arm64
npm verbose reify failed optional dependency C:\Users\rioan\Desktop\my-project\node_modules\@next\swc-win32-arm64-msvc
npm verbose reify failed optional dependency C:\Users\rioan\Desktop\my-project\node_modules\@next\swc-linux-x64-musl
npm verbose reify failed optional dependency C:\Users\rioan\Desktop\my-project\node_modules\@next\swc-linux-x64-gnu
npm verbose reify failed optional dependency C:\Users\rioan\Desktop\my-project\node_modules\@next\swc-linux-arm64-musl
npm verbose reify failed optional dependency C:\Users\rioan\Desktop\my-project\node_modules\@next\swc-linux-arm64-gnu
npm verbose reify failed optional dependency C:\Users\rioan\Desktop\my-project\node_modules\@next\swc-darwin-x64
npm verbose reify failed optional dependency C:\Users\rioan\Desktop\my-project\node_modules\@next\swc-darwin-arm64
npm http cache is-weakmap@https://registry.npmjs.org/is-weakmap/-/is-weakmap-2.0.2.tgz 0ms (cache hit)
npm http cache is-weakset@https://registry.npmjs.org/is-weakset/-/is-weakset-2.0.4.tgz 0ms (cache hit)
npm http cache is-map@https://registry.npmjs.org/is-map/-/is-map-2.0.3.tgz 0ms (cache hit)
npm http cache async-function@https://registry.npmjs.org/async-function/-/async-function-1.0.0.tgz 0ms (cache hit)
npm http cache which-collection@https://registry.npmjs.org/which-collection/-/which-collection-1.0.2.tgz 0ms (cache hit)
npm http cache generator-function@https://registry.npmjs.org/generator-function/-/generator-function-2.0.1.tgz 0ms (cache hit)
npm http cache is-generator-function@https://registry.npmjs.org/is-generator-function/-/is-generator-function-1.1.2.tgz 0ms (cache hit)
npm http cache is-finalizationregistry@https://registry.npmjs.org/is-finalizationregistry/-/is-finalizationregistry-1.1.1.tgz 0ms (cache hit)
npm http cache is-number-object@https://registry.npmjs.org/is-number-object/-/is-number-object-1.1.1.tgz 0ms (cache hit)
npm http cache is-boolean-object@https://registry.npmjs.org/is-boolean-object/-/is-boolean-object-1.2.2.tgz 0ms (cache hit)
npm http cache is-async-function@https://registry.npmjs.org/is-async-function/-/is-async-function-2.1.1.tgz 0ms (cache hit)
npm http cache punycode@https://registry.npmjs.org/punycode/-/punycode-2.3.1.tgz 0ms (cache hit)
npm http cache is-bigint@https://registry.npmjs.org/is-bigint/-/is-bigint-1.1.0.tgz 0ms (cache hit)
npm http cache isexe@https://registry.npmjs.org/isexe/-/isexe-2.0.0.tgz 0ms (cache hit)
npm http cache @tybys/wasm-util@https://registry.npmjs.org/@tybys/wasm-util/-/wasm-util-0.10.1.tgz 0ms (cache hit)
npm http cache @emnapi/core@https://registry.npmjs.org/@emnapi/core/-/core-1.9.2.tgz 0ms (cache hit)
npm http cache @emnapi/wasi-threads@https://registry.npmjs.org/@emnapi/wasi-threads/-/wasi-threads-1.2.1.tgz 0ms (cache hit)
npm http cache @napi-rs/wasm-runtime@https://registry.npmjs.org/@napi-rs/wasm-runtime/-/wasm-runtime-0.2.12.tgz 0ms (cache hit)
npm http cache napi-postinstall@https://registry.npmjs.org/napi-postinstall/-/napi-postinstall-0.3.4.tgz 0ms (cache hit)
npm http cache @unrs/resolver-binding-win32-x64-msvc@https://registry.npmjs.org/@unrs/resolver-binding-win32-x64-msvc/-/resolver-binding-win32-x64-msvc-1.11.1.tgz 0ms (cache hit)
npm http cache which-builtin-type@https://registry.npmjs.org/which-builtin-type/-/which-builtin-type-1.2.1.tgz 0ms (cache hit)
npm http cache which-boxed-primitive@https://registry.npmjs.org/which-boxed-primitive/-/which-boxed-primitive-1.1.1.tgz 0ms (cache hit)
npm http cache for-each@https://registry.npmjs.org/for-each/-/for-each-0.3.5.tgz 0ms (cache hit)
npm http cache has-bigints@https://registry.npmjs.org/has-bigints/-/has-bigints-1.1.0.tgz 0ms (cache hit)
npm http cache reflect.getprototypeof@https://registry.npmjs.org/reflect.getprototypeof/-/reflect.getprototypeof-1.0.10.tgz 0ms (cache hit)
npm http cache strip-bom@https://registry.npmjs.org/strip-bom/-/strip-bom-3.0.0.tgz 0ms (cache hit)
npm http cache minimist@https://registry.npmjs.org/minimist/-/minimist-1.2.8.tgz 0ms (cache hit)
npm http cache json5@https://registry.npmjs.org/json5/-/json5-1.0.2.tgz 0ms (cache hit)
npm http cache is-number@https://registry.npmjs.org/is-number/-/is-number-7.0.0.tgz 0ms (cache hit)
npm http cache @types/json5@https://registry.npmjs.org/@types/json5/-/json5-0.0.29.tgz 0ms (cache hit)
npm http cache client-only@https://registry.npmjs.org/client-only/-/client-only-0.0.1.tgz 0ms (cache hit)
npm http cache has-flag@https://registry.npmjs.org/has-flag/-/has-flag-4.0.0.tgz 0ms (cache hit)
npm http cache ansi-regex@https://registry.npmjs.org/ansi-regex/-/ansi-regex-5.0.1.tgz 0ms (cache hit)
npm http cache @emnapi/runtime@https://registry.npmjs.org/@emnapi/runtime/-/runtime-1.9.2.tgz 0ms (cache hit)
npm http cache side-channel-map@https://registry.npmjs.org/side-channel-map/-/side-channel-map-1.0.1.tgz 0ms (cache hit)
npm http cache side-channel-weakmap@https://registry.npmjs.org/side-channel-weakmap/-/side-channel-weakmap-1.0.2.tgz 0ms (cache hit)
npm http cache @img/sharp-win32-x64@https://registry.npmjs.org/@img/sharp-win32-x64/-/sharp-win32-x64-0.34.5.tgz 0ms (cache hit)
npm http cache @img/colour@https://registry.npmjs.org/@img/colour/-/colour-1.1.0.tgz 0ms (cache hit)
npm http cache side-channel-list@https://registry.npmjs.org/side-channel-list/-/side-channel-list-1.0.0.tgz 0ms (cache hit)
npm http cache shebang-regex@https://registry.npmjs.org/shebang-regex/-/shebang-regex-3.0.0.tgz 0ms (cache hit)
npm http cache detect-libc@https://registry.npmjs.org/detect-libc/-/detect-libc-2.1.2.tgz 0ms (cache hit)
npm http cache isarray@https://registry.npmjs.org/isarray/-/isarray-2.0.5.tgz 0ms (cache hit)
npm http cache queue-microtask@https://registry.npmjs.org/queue-microtask/-/queue-microtask-1.2.3.tgz 0ms (cache hit)
npm http cache wrappy@https://registry.npmjs.org/wrappy/-/wrappy-1.0.2.tgz 0ms (cache hit)
npm http cache path-is-absolute@https://registry.npmjs.org/path-is-absolute/-/path-is-absolute-1.0.1.tgz 0ms (cache hit)
npm http cache inherits@https://registry.npmjs.org/inherits/-/inherits-2.0.4.tgz 0ms (cache hit)
npm http cache inflight@https://registry.npmjs.org/inflight/-/inflight-1.0.6.tgz 0ms (cache hit)
npm http cache fs.realpath@https://registry.npmjs.org/fs.realpath/-/fs.realpath-1.0.0.tgz 0ms (cache hit)
npm http cache once@https://registry.npmjs.org/once/-/once-1.4.0.tgz 0ms (cache hit)
npm http cache glob@https://registry.npmjs.org/glob/-/glob-7.2.3.tgz 0ms (cache hit)
npm http cache supports-preserve-symlinks-flag@https://registry.npmjs.org/supports-preserve-symlinks-flag/-/supports-preserve-symlinks-flag-1.0.0.tgz 0ms (cache hit)
npm http cache node-exports-info@https://registry.npmjs.org/node-exports-info/-/node-exports-info-1.6.0.tgz 0ms (cache hit)
npm http cache scheduler@https://registry.npmjs.org/scheduler/-/scheduler-0.23.2.tgz 0ms (cache hit)
npm http cache js-tokens@https://registry.npmjs.org/js-tokens/-/js-tokens-4.0.0.tgz 0ms (cache hit)
npm http cache react-is@https://registry.npmjs.org/react-is/-/react-is-16.13.1.tgz 0ms (cache hit)
npm http cache path-parse@https://registry.npmjs.org/path-parse/-/path-parse-1.0.7.tgz 0ms (cache hit)
npm http cache object-assign@https://registry.npmjs.org/object-assign/-/object-assign-4.1.1.tgz 0ms (cache hit)
npm http cache loose-envify@https://registry.npmjs.org/loose-envify/-/loose-envify-1.4.0.tgz 0ms (cache hit)
npm http cache nanoid@https://registry.npmjs.org/nanoid/-/nanoid-3.3.11.tgz 0ms (cache hit)
npm http cache picocolors@https://registry.npmjs.org/picocolors/-/picocolors-1.1.1.tgz 0ms (cache hit)
npm http cache source-map-js@https://registry.npmjs.org/source-map-js/-/source-map-js-1.2.1.tgz 0ms (cache hit)
npm http cache callsites@https://registry.npmjs.org/callsites/-/callsites-3.1.0.tgz 0ms (cache hit)
npm http cache yocto-queue@https://registry.npmjs.org/yocto-queue/-/yocto-queue-0.1.0.tgz 0ms (cache hit)
npm http cache p-limit@https://registry.npmjs.org/p-limit/-/p-limit-3.1.0.tgz 0ms (cache hit)
npm http cache word-wrap@https://registry.npmjs.org/word-wrap/-/word-wrap-1.2.5.tgz 0ms (cache hit)
npm http cache fast-levenshtein@https://registry.npmjs.org/fast-levenshtein/-/fast-levenshtein-2.0.6.tgz 0ms (cache hit)
npm http cache tslib@https://registry.npmjs.org/tslib/-/tslib-2.8.1.tgz 0ms (cache hit)
npm http cache deep-is@https://registry.npmjs.org/deep-is/-/deep-is-0.1.4.tgz 0ms (cache hit)
npm http cache styled-jsx@https://registry.npmjs.org/styled-jsx/-/styled-jsx-5.1.6.tgz 0ms (cache hit)
npm http cache sharp@https://registry.npmjs.org/sharp/-/sharp-0.34.5.tgz 0ms (cache hit)
npm http cache @next/env@https://registry.npmjs.org/@next/env/-/env-15.5.14.tgz 0ms (cache hit)
npm http cache caniuse-lite@https://registry.npmjs.org/caniuse-lite/-/caniuse-lite-1.0.30001785.tgz 0ms (cache hit)
npm http cache @swc/helpers@https://registry.npmjs.org/@swc/helpers/-/helpers-0.5.15.tgz 0ms (cache hit)
npm http cache postcss@https://registry.npmjs.org/postcss/-/postcss-8.4.31.tgz 0ms (cache hit)
npm http cache @next/swc-win32-x64-msvc@https://registry.npmjs.org/@next/swc-win32-x64-msvc/-/swc-win32-x64-msvc-15.5.14.tgz 0ms (cache hit)
npm http cache balanced-match@https://registry.npmjs.org/balanced-match/-/balanced-match-1.0.2.tgz 0ms (cache hit)
npm http cache picomatch@https://registry.npmjs.org/picomatch/-/picomatch-2.3.2.tgz 0ms (cache hit)
npm http cache braces@https://registry.npmjs.org/braces/-/braces-3.0.3.tgz 0ms (cache hit)
npm http cache to-regex-range@https://registry.npmjs.org/to-regex-range/-/to-regex-range-5.0.1.tgz 0ms (cache hit)
npm http cache concat-map@https://registry.npmjs.org/concat-map/-/concat-map-0.0.1.tgz 0ms (cache hit)
npm http cache brace-expansion@https://registry.npmjs.org/brace-expansion/-/brace-expansion-1.1.13.tgz 0ms (cache hit)
npm http cache fill-range@https://registry.npmjs.org/fill-range/-/fill-range-7.1.1.tgz 0ms (cache hit)
npm http cache p-locate@https://registry.npmjs.org/p-locate/-/p-locate-5.0.0.tgz 0ms (cache hit)
npm http cache type-check@https://registry.npmjs.org/type-check/-/type-check-0.4.0.tgz 0ms (cache hit)
npm http cache prelude-ls@https://registry.npmjs.org/prelude-ls/-/prelude-ls-1.2.1.tgz 0ms (cache hit)
npm http cache json-buffer@https://registry.npmjs.org/json-buffer/-/json-buffer-3.0.1.tgz 0ms (cache hit)
npm http cache language-subtag-registry@https://registry.npmjs.org/language-subtag-registry/-/language-subtag-registry-0.3.23.tgz 0ms (cache hit)
npm http cache ecdsa-sig-formatter@https://registry.npmjs.org/ecdsa-sig-formatter/-/ecdsa-sig-formatter-1.0.11.tgz 0ms (cache hit)
npm http cache buffer-equal-constant-time@https://registry.npmjs.org/buffer-equal-constant-time/-/buffer-equal-constant-time-1.0.1.tgz 0ms (cache hit)
npm http cache safe-buffer@https://registry.npmjs.org/safe-buffer/-/safe-buffer-5.2.1.tgz 0ms (cache hit)
npm http cache lodash.once@https://registry.npmjs.org/lodash.once/-/lodash.once-4.1.1.tgz 0ms (cache hit)
npm http cache lodash.isplainobject@https://registry.npmjs.org/lodash.isplainobject/-/lodash.isplainobject-4.0.6.tgz 0ms (cache hit)
npm http cache jwa@https://registry.npmjs.org/jwa/-/jwa-2.0.1.tgz 0ms (cache hit)
npm http cache lodash.isboolean@https://registry.npmjs.org/lodash.isboolean/-/lodash.isboolean-3.0.3.tgz 0ms (cache hit)
npm http cache lodash.isnumber@https://registry.npmjs.org/lodash.isnumber/-/lodash.isnumber-3.0.3.tgz 0ms (cache hit)
npm http cache lodash.isstring@https://registry.npmjs.org/lodash.isstring/-/lodash.isstring-4.0.1.tgz 0ms (cache hit)
npm http cache lodash.isinteger@https://registry.npmjs.org/lodash.isinteger/-/lodash.isinteger-4.0.4.tgz 0ms (cache hit)
npm http cache jws@https://registry.npmjs.org/jws/-/jws-4.0.1.tgz 0ms (cache hit)
npm http cache lodash.includes@https://registry.npmjs.org/lodash.includes/-/lodash.includes-4.3.0.tgz 0ms (cache hit)
npm http cache argparse@https://registry.npmjs.org/argparse/-/argparse-2.0.1.tgz 0ms (cache hit)
npm http cache set-function-name@https://registry.npmjs.org/set-function-name/-/set-function-name-2.0.2.tgz 0ms (cache hit)
npm http cache side-channel@https://registry.npmjs.org/side-channel/-/side-channel-1.1.0.tgz 0ms (cache hit)
npm http cache is-extglob@https://registry.npmjs.org/is-extglob/-/is-extglob-2.1.1.tgz 0ms (cache hit)
npm http cache resolve-from@https://registry.npmjs.org/resolve-from/-/resolve-from-4.0.0.tgz 0ms (cache hit)
npm http cache parent-module@https://registry.npmjs.org/parent-module/-/parent-module-1.0.1.tgz 0ms (cache hit)
npm http cache resolve-pkg-maps@https://registry.npmjs.org/resolve-pkg-maps/-/resolve-pkg-maps-1.0.0.tgz 0ms (cache hit)
npm http cache type-fest@https://registry.npmjs.org/type-fest/-/type-fest-0.20.2.tgz 0ms (cache hit)
npm http cache functions-have-names@https://registry.npmjs.org/functions-have-names/-/functions-have-names-1.2.3.tgz 0ms (cache hit)
npm http cache dunder-proto@https://registry.npmjs.org/dunder-proto/-/dunder-proto-1.0.1.tgz 0ms (cache hit)
npm http cache keyv@https://registry.npmjs.org/keyv/-/keyv-4.5.4.tgz 0ms (cache hit)
npm http cache rimraf@https://registry.npmjs.org/rimraf/-/rimraf-3.0.2.tgz 0ms (cache hit)
npm http cache flatted@https://registry.npmjs.org/flatted/-/flatted-3.4.2.tgz 0ms (cache hit)
npm http cache locate-path@https://registry.npmjs.org/locate-path/-/locate-path-6.0.0.tgz 0ms (cache hit)
npm http cache path-exists@https://registry.npmjs.org/path-exists/-/path-exists-4.0.0.tgz 0ms (cache hit)
npm http cache flat-cache@https://registry.npmjs.org/flat-cache/-/flat-cache-3.2.0.tgz 0ms (cache hit)
npm http cache micromatch@https://registry.npmjs.org/micromatch/-/micromatch-4.0.8.tgz 0ms (cache hit)
npm http cache acorn-jsx@https://registry.npmjs.org/acorn-jsx/-/acorn-jsx-5.3.2.tgz 0ms (cache hit)
npm http cache reusify@https://registry.npmjs.org/reusify/-/reusify-1.1.0.tgz 0ms (cache hit)
npm http cache merge2@https://registry.npmjs.org/merge2/-/merge2-1.4.1.tgz 0ms (cache hit)
npm http cache acorn@https://registry.npmjs.org/acorn/-/acorn-8.16.0.tgz 0ms (cache hit)
npm http cache string.prototype.repeat@https://registry.npmjs.org/string.prototype.repeat/-/string.prototype.repeat-1.0.0.tgz 0ms (cache hit)
npm http cache prop-types@https://registry.npmjs.org/prop-types/-/prop-types-15.8.1.tgz 0ms (cache hit)
npm http cache esrecurse@https://registry.npmjs.org/esrecurse/-/esrecurse-4.3.0.tgz 0ms (cache hit)
npm http cache iterator.prototype@https://registry.npmjs.org/iterator.prototype/-/iterator.prototype-1.1.5.tgz 0ms (cache hit)
npm http cache object.entries@https://registry.npmjs.org/object.entries/-/object.entries-1.1.9.tgz 0ms (cache hit)
npm http cache string.prototype.matchall@https://registry.npmjs.org/string.prototype.matchall/-/string.prototype.matchall-4.0.12.tgz 0ms (cache hit)
npm http cache estraverse@https://registry.npmjs.org/estraverse/-/estraverse-5.3.0.tgz 0ms (cache hit)
npm http cache es-iterator-helpers@https://registry.npmjs.org/es-iterator-helpers/-/es-iterator-helpers-1.3.1.tgz 0ms (cache hit)
npm http cache array.prototype.findlast@https://registry.npmjs.org/array.prototype.findlast/-/array.prototype.findlast-1.2.5.tgz 0ms (cache hit)
npm http cache string.prototype.includes@https://registry.npmjs.org/string.prototype.includes/-/string.prototype.includes-2.0.1.tgz 0ms (cache hit)
npm http cache language-tags@https://registry.npmjs.org/language-tags/-/language-tags-1.0.9.tgz 0ms (cache hit)
npm http cache jsx-ast-utils@https://registry.npmjs.org/jsx-ast-utils/-/jsx-ast-utils-3.3.5.tgz 0ms (cache hit)
npm http cache array.prototype.tosorted@https://registry.npmjs.org/array.prototype.tosorted/-/array.prototype.tosorted-1.1.4.tgz 0ms (cache hit)
npm http cache damerau-levenshtein@https://registry.npmjs.org/damerau-levenshtein/-/damerau-levenshtein-1.0.8.tgz 0ms (cache hit)
npm http cache axe-core@https://registry.npmjs.org/axe-core/-/axe-core-4.11.2.tgz 0ms (cache hit)
npm http cache emoji-regex@https://registry.npmjs.org/emoji-regex/-/emoji-regex-9.2.2.tgz 0ms (cache hit)
npm http cache axobject-query@https://registry.npmjs.org/axobject-query/-/axobject-query-4.1.0.tgz 0ms (cache hit)
npm http cache ast-types-flow@https://registry.npmjs.org/ast-types-flow/-/ast-types-flow-0.0.8.tgz 1ms (cache hit)
npm http cache aria-query@https://registry.npmjs.org/aria-query/-/aria-query-5.3.2.tgz 0ms (cache hit)
npm http cache is-symbol@https://registry.npmjs.org/is-symbol/-/is-symbol-1.1.1.tgz 0ms (cache hit)
npm http cache has-tostringtag@https://registry.npmjs.org/has-tostringtag/-/has-tostringtag-1.0.2.tgz 0ms (cache hit)
npm http cache is-date-object@https://registry.npmjs.org/is-date-object/-/is-date-object-1.1.0.tgz 0ms (cache hit)
npm http cache possible-typed-array-names@https://registry.npmjs.org/possible-typed-array-names/-/possible-typed-array-names-1.1.0.tgz 0ms (cache hit)
npm http cache unbox-primitive@https://registry.npmjs.org/unbox-primitive/-/unbox-primitive-1.1.0.tgz 0ms (cache hit)
npm http cache which-typed-array@https://registry.npmjs.org/which-typed-array/-/which-typed-array-1.1.20.tgz 0ms (cache hit)
npm http cache typed-array-byte-offset@https://registry.npmjs.org/typed-array-byte-offset/-/typed-array-byte-offset-1.0.4.tgz 0ms (cache hit)
npm http cache typed-array-buffer@https://registry.npmjs.org/typed-array-buffer/-/typed-array-buffer-1.0.3.tgz 0ms (cache hit)
npm http cache typed-array-length@https://registry.npmjs.org/typed-array-length/-/typed-array-length-1.0.7.tgz 0ms (cache hit)
npm http cache string.prototype.trimstart@https://registry.npmjs.org/string.prototype.trimstart/-/string.prototype.trimstart-1.0.8.tgz 0ms (cache hit)
npm http cache string.prototype.trim@https://registry.npmjs.org/string.prototype.trim/-/string.prototype.trim-1.2.10.tgz 0ms (cache hit)
npm http cache stop-iteration-iterator@https://registry.npmjs.org/stop-iteration-iterator/-/stop-iteration-iterator-1.1.0.tgz 0ms (cache hit)
npm http cache typed-array-byte-length@https://registry.npmjs.org/typed-array-byte-length/-/typed-array-byte-length-1.0.3.tgz 0ms (cache hit)
npm http cache set-proto@https://registry.npmjs.org/set-proto/-/set-proto-1.0.0.tgz 0ms (cache hit)
npm http cache safe-regex-test@https://registry.npmjs.org/safe-regex-test/-/safe-regex-test-1.1.0.tgz 0ms (cache hit)
npm http cache safe-array-concat@https://registry.npmjs.org/safe-array-concat/-/safe-array-concat-1.1.3.tgz 0ms (cache hit)
npm http cache regexp.prototype.flags@https://registry.npmjs.org/regexp.prototype.flags/-/regexp.prototype.flags-1.5.4.tgz 0ms (cache hit)
npm http cache own-keys@https://registry.npmjs.org/own-keys/-/own-keys-1.0.1.tgz 0ms (cache hit)
npm http cache safe-push-apply@https://registry.npmjs.org/safe-push-apply/-/safe-push-apply-1.0.0.tgz 0ms (cache hit)
npm http cache object.assign@https://registry.npmjs.org/object.assign/-/object.assign-4.1.7.tgz 0ms (cache hit)
npm http cache object-inspect@https://registry.npmjs.org/object-inspect/-/object-inspect-1.13.4.tgz 0ms (cache hit)
npm http cache is-weakref@https://registry.npmjs.org/is-weakref/-/is-weakref-1.1.1.tgz 0ms (cache hit)
npm http cache is-shared-array-buffer@https://registry.npmjs.org/is-shared-array-buffer/-/is-shared-array-buffer-1.0.4.tgz 0ms (cache hit)
npm http cache is-set@https://registry.npmjs.org/is-set/-/is-set-2.0.3.tgz 0ms (cache hit)
npm http cache is-typed-array@https://registry.npmjs.org/is-typed-array/-/is-typed-array-1.1.15.tgz 0ms (cache hit)
npm http cache is-negative-zero@https://registry.npmjs.org/is-negative-zero/-/is-negative-zero-2.0.3.tgz 0ms (cache hit)
npm http cache is-data-view@https://registry.npmjs.org/is-data-view/-/is-data-view-1.0.2.tgz 1ms (cache hit)
npm http cache is-regex@https://registry.npmjs.org/is-regex/-/is-regex-1.2.1.tgz 0ms (cache hit)
npm http cache is-array-buffer@https://registry.npmjs.org/is-array-buffer/-/is-array-buffer-3.0.5.tgz 0ms (cache hit)
npm http cache is-callable@https://registry.npmjs.org/is-callable/-/is-callable-1.2.7.tgz 0ms (cache hit)
npm http cache internal-slot@https://registry.npmjs.org/internal-slot/-/internal-slot-1.1.0.tgz 0ms (cache hit)
npm http cache has-proto@https://registry.npmjs.org/has-proto/-/has-proto-1.2.0.tgz 0ms (cache hit)
npm http cache has-symbols@https://registry.npmjs.org/has-symbols/-/has-symbols-1.1.0.tgz 0ms (cache hit)
npm http cache globalthis@https://registry.npmjs.org/globalthis/-/globalthis-1.0.4.tgz 0ms (cache hit)
npm http cache get-proto@https://registry.npmjs.org/get-proto/-/get-proto-1.0.1.tgz 0ms (cache hit)
npm http cache get-symbol-description@https://registry.npmjs.org/get-symbol-description/-/get-symbol-description-1.1.0.tgz 0ms (cache hit)
npm http cache es-to-primitive@https://registry.npmjs.org/es-to-primitive/-/es-to-primitive-1.3.0.tgz 0ms (cache hit)
npm http cache function.prototype.name@https://registry.npmjs.org/function.prototype.name/-/function.prototype.name-1.1.8.tgz 1ms (cache hit)
npm http cache es-set-tostringtag@https://registry.npmjs.org/es-set-tostringtag/-/es-set-tostringtag-2.1.0.tgz 0ms (cache hit)
npm http cache data-view-byte-offset@https://registry.npmjs.org/data-view-byte-offset/-/data-view-byte-offset-1.0.1.tgz 0ms (cache hit)
npm http cache data-view-byte-length@https://registry.npmjs.org/data-view-byte-length/-/data-view-byte-length-1.0.2.tgz 0ms (cache hit)
npm http cache available-typed-arrays@https://registry.npmjs.org/available-typed-arrays/-/available-typed-arrays-1.0.7.tgz 0ms (cache hit)
npm http cache data-view-buffer@https://registry.npmjs.org/data-view-buffer/-/data-view-buffer-1.0.2.tgz 0ms (cache hit)
npm http cache arraybuffer.prototype.slice@https://registry.npmjs.org/arraybuffer.prototype.slice/-/arraybuffer.prototype.slice-1.0.4.tgz 0ms (cache hit)
npm http cache array-buffer-byte-length@https://registry.npmjs.org/array-buffer-byte-length/-/array-buffer-byte-length-1.0.2.tgz 1ms (cache hit)
npm http cache object-keys@https://registry.npmjs.org/object-keys/-/object-keys-1.1.1.tgz 0ms (cache hit)
npm http cache gopd@https://registry.npmjs.org/gopd/-/gopd-1.2.0.tgz 0ms (cache hit)
npm http cache has-property-descriptors@https://registry.npmjs.org/has-property-descriptors/-/has-property-descriptors-1.0.2.tgz 0ms (cache hit)
npm http cache function-bind@https://registry.npmjs.org/function-bind/-/function-bind-1.1.2.tgz 0ms (cache hit)
npm http cache set-function-length@https://registry.npmjs.org/set-function-length/-/set-function-length-1.2.2.tgz 0ms (cache hit)
npm http cache define-data-property@https://registry.npmjs.org/define-data-property/-/define-data-property-1.1.4.tgz 0ms (cache hit)
npm http cache call-bind-apply-helpers@https://registry.npmjs.org/call-bind-apply-helpers/-/call-bind-apply-helpers-1.0.2.tgz 0ms (cache hit)
npm http cache es-define-property@https://registry.npmjs.org/es-define-property/-/es-define-property-1.0.1.tgz 0ms (cache hit)
npm http cache es-shim-unscopables@https://registry.npmjs.org/es-shim-unscopables/-/es-shim-unscopables-1.1.0.tgz 0ms (cache hit)
npm http cache math-intrinsics@https://registry.npmjs.org/math-intrinsics/-/math-intrinsics-1.1.0.tgz 0ms (cache hit)
npm http cache es-errors@https://registry.npmjs.org/es-errors/-/es-errors-1.3.0.tgz 0ms (cache hit)
npm http cache is-string@https://registry.npmjs.org/is-string/-/is-string-1.1.1.tgz 0ms (cache hit)
npm http cache es-object-atoms@https://registry.npmjs.org/es-object-atoms/-/es-object-atoms-1.1.1.tgz 0ms (cache hit)
npm http cache define-properties@https://registry.npmjs.org/define-properties/-/define-properties-1.2.1.tgz 0ms (cache hit)
npm http cache es-abstract@https://registry.npmjs.org/es-abstract/-/es-abstract-1.24.1.tgz 0ms (cache hit)
npm http cache get-intrinsic@https://registry.npmjs.org/get-intrinsic/-/get-intrinsic-1.3.0.tgz 0ms (cache hit)
npm http cache call-bound@https://registry.npmjs.org/call-bound/-/call-bound-1.0.4.tgz 0ms (cache hit)
npm http cache tsconfig-paths@https://registry.npmjs.org/tsconfig-paths/-/tsconfig-paths-3.15.0.tgz 0ms (cache hit)
npm http cache object.values@https://registry.npmjs.org/object.values/-/object.values-1.2.1.tgz 0ms (cache hit)
npm http cache call-bind@https://registry.npmjs.org/call-bind/-/call-bind-1.0.8.tgz 0ms (cache hit)
npm http cache object.groupby@https://registry.npmjs.org/object.groupby/-/object.groupby-1.0.3.tgz 0ms (cache hit)
npm http cache string.prototype.trimend@https://registry.npmjs.org/string.prototype.trimend/-/string.prototype.trimend-1.0.9.tgz 0ms (cache hit)
npm http cache hasown@https://registry.npmjs.org/hasown/-/hasown-2.0.2.tgz 0ms (cache hit)
npm http cache object.fromentries@https://registry.npmjs.org/object.fromentries/-/object.fromentries-2.0.8.tgz 0ms (cache hit)
npm http cache eslint-module-utils@https://registry.npmjs.org/eslint-module-utils/-/eslint-module-utils-2.12.1.tgz 0ms (cache hit)
npm http cache array.prototype.flatmap@https://registry.npmjs.org/array.prototype.flatmap/-/array.prototype.flatmap-1.3.3.tgz 0ms (cache hit)
npm http cache @rtsao/scc@https://registry.npmjs.org/@rtsao/scc/-/scc-1.1.0.tgz 0ms (cache hit)
npm http cache array.prototype.flat@https://registry.npmjs.org/array.prototype.flat/-/array.prototype.flat-1.3.3.tgz 0ms (cache hit)
npm http cache array.prototype.findlastindex@https://registry.npmjs.org/array.prototype.findlastindex/-/array.prototype.findlastindex-1.2.6.tgz 0ms (cache hit)
npm http cache unrs-resolver@https://registry.npmjs.org/unrs-resolver/-/unrs-resolver-1.11.1.tgz 0ms (cache hit)
npm http cache stable-hash@https://registry.npmjs.org/stable-hash/-/stable-hash-0.0.5.tgz 0ms (cache hit)
npm http cache array-includes@https://registry.npmjs.org/array-includes/-/array-includes-3.1.9.tgz 0ms (cache hit)
npm http cache get-tsconfig@https://registry.npmjs.org/get-tsconfig/-/get-tsconfig-4.13.7.tgz 0ms (cache hit)
npm http cache is-bun-module@https://registry.npmjs.org/is-bun-module/-/is-bun-module-2.0.0.tgz 0ms (cache hit)
npm http cache @nolyfill/is-core-module@https://registry.npmjs.org/@nolyfill/is-core-module/-/is-core-module-1.0.39.tgz 0ms (cache hit)
npm http cache resolve@https://registry.npmjs.org/resolve/-/resolve-2.0.0-next.6.tgz 0ms (cache hit)
npm http cache @typescript-eslint/tsconfig-utils@https://registry.npmjs.org/@typescript-eslint/tsconfig-utils/-/tsconfig-utils-8.58.0.tgz 0ms (cache hit)
npm http cache @typescript-eslint/typescript-estree@https://registry.npmjs.org/@typescript-eslint/typescript-estree/-/typescript-estree-8.58.0.tgz 0ms (cache hit)
npm http cache @typescript-eslint/project-service@https://registry.npmjs.org/@typescript-eslint/project-service/-/project-service-8.58.0.tgz 0ms (cache hit)
npm http cache is-core-module@https://registry.npmjs.org/is-core-module/-/is-core-module-2.16.1.tgz 0ms (cache hit)
npm http cache tinyglobby@https://registry.npmjs.org/tinyglobby/-/tinyglobby-0.2.15.tgz 0ms (cache hit)
npm http cache @typescript-eslint/types@https://registry.npmjs.org/@typescript-eslint/types/-/types-8.58.0.tgz 0ms (cache hit)
npm http cache ts-api-utils@https://registry.npmjs.org/ts-api-utils/-/ts-api-utils-2.5.0.tgz 0ms (cache hit)
npm http cache @typescript-eslint/visitor-keys@https://registry.npmjs.org/@typescript-eslint/visitor-keys/-/visitor-keys-8.58.0.tgz 0ms (cache hit)
npm http cache semver@https://registry.npmjs.org/semver/-/semver-7.7.4.tgz 0ms (cache hit)
npm http cache eslint-plugin-react-hooks@https://registry.npmjs.org/eslint-plugin-react-hooks/-/eslint-plugin-react-hooks-5.2.0.tgz 0ms (cache hit)
npm http cache fast-glob@https://registry.npmjs.org/fast-glob/-/fast-glob-3.3.1.tgz 0ms (cache hit)
npm http cache @typescript-eslint/utils@https://registry.npmjs.org/@typescript-eslint/utils/-/utils-8.58.0.tgz 0ms (cache hit)
npm http cache eslint-plugin-react@https://registry.npmjs.org/eslint-plugin-react/-/eslint-plugin-react-7.37.5.tgz 0ms (cache hit)
npm http cache eslint-plugin-jsx-a11y@https://registry.npmjs.org/eslint-plugin-jsx-a11y/-/eslint-plugin-jsx-a11y-6.10.2.tgz 0ms (cache hit)
npm http cache @typescript-eslint/scope-manager@https://registry.npmjs.org/@typescript-eslint/scope-manager/-/scope-manager-8.58.0.tgz 0ms (cache hit)
npm http cache eslint-plugin-import@https://registry.npmjs.org/eslint-plugin-import/-/eslint-plugin-import-2.32.0.tgz 0ms (cache hit)
npm http cache @typescript-eslint/eslint-plugin@https://registry.npmjs.org/@typescript-eslint/eslint-plugin/-/eslint-plugin-8.58.0.tgz 0ms (cache hit)
npm http cache @typescript-eslint/type-utils@https://registry.npmjs.org/@typescript-eslint/type-utils/-/type-utils-8.58.0.tgz 0ms (cache hit)
npm http cache @typescript-eslint/parser@https://registry.npmjs.org/@typescript-eslint/parser/-/parser-8.58.0.tgz 0ms (cache hit)
npm http cache eslint-import-resolver-typescript@https://registry.npmjs.org/eslint-import-resolver-typescript/-/eslint-import-resolver-typescript-3.10.1.tgz 0ms (cache hit)
npm http cache @next/eslint-plugin-next@https://registry.npmjs.org/@next/eslint-plugin-next/-/eslint-plugin-next-15.5.14.tgz 0ms (cache hit)
npm http cache typescript@https://registry.npmjs.org/typescript/-/typescript-6.0.2.tgz 0ms (cache hit)
npm http cache @rushstack/eslint-patch@https://registry.npmjs.org/@rushstack/eslint-patch/-/eslint-patch-1.16.1.tgz 0ms (cache hit)
npm http cache eslint-import-resolver-node@https://registry.npmjs.org/eslint-import-resolver-node/-/eslint-import-resolver-node-0.3.10.tgz 0ms (cache hit)
npm http cache ms@https://registry.npmjs.org/ms/-/ms-2.1.3.tgz 0ms (cache hit)
npm http cache which@https://registry.npmjs.org/which/-/which-2.0.2.tgz 0ms (cache hit)
npm http cache color-convert@https://registry.npmjs.org/color-convert/-/color-convert-2.0.1.tgz 0ms (cache hit)
npm http cache shebang-command@https://registry.npmjs.org/shebang-command/-/shebang-command-2.0.0.tgz 0ms (cache hit)
npm http cache color-name@https://registry.npmjs.org/color-name/-/color-name-1.1.4.tgz 0ms (cache hit)
npm http cache ansi-styles@https://registry.npmjs.org/ansi-styles/-/ansi-styles-4.3.0.tgz 0ms (cache hit)
npm http cache path-key@https://registry.npmjs.org/path-key/-/path-key-3.1.1.tgz 0ms (cache hit)
npm http cache json-schema-traverse@https://registry.npmjs.org/json-schema-traverse/-/json-schema-traverse-0.4.1.tgz 0ms (cache hit)
npm http cache supports-color@https://registry.npmjs.org/supports-color/-/supports-color-7.2.0.tgz 0ms (cache hit)
npm http cache uri-js@https://registry.npmjs.org/uri-js/-/uri-js-4.4.1.tgz 0ms (cache hit)
npm http cache @nodelib/fs.stat@https://registry.npmjs.org/@nodelib/fs.stat/-/fs.stat-2.0.5.tgz 0ms (cache hit)
npm http cache fast-json-stable-stringify@https://registry.npmjs.org/fast-json-stable-stringify/-/fast-json-stable-stringify-2.1.0.tgz 0ms (cache hit)
npm http cache @nodelib/fs.scandir@https://registry.npmjs.org/@nodelib/fs.scandir/-/fs.scandir-2.1.5.tgz 0ms (cache hit)
npm http cache run-parallel@https://registry.npmjs.org/run-parallel/-/run-parallel-1.2.0.tgz 0ms (cache hit)
npm http cache @humanwhocodes/object-schema@https://registry.npmjs.org/@humanwhocodes/object-schema/-/object-schema-2.0.3.tgz 0ms (cache hit)
npm http cache text-table@https://registry.npmjs.org/text-table/-/text-table-0.2.0.tgz 0ms (cache hit)
npm http cache fastq@https://registry.npmjs.org/fastq/-/fastq-1.20.1.tgz 0ms (cache hit)
npm http cache optionator@https://registry.npmjs.org/optionator/-/optionator-0.9.4.tgz 0ms (cache hit)
npm http cache strip-json-comments@https://registry.npmjs.org/strip-json-comments/-/strip-json-comments-3.1.1.tgz 0ms (cache hit)
npm http cache import-fresh@https://registry.npmjs.org/import-fresh/-/import-fresh-3.3.1.tgz 0ms (cache hit)
npm http cache minimatch@https://registry.npmjs.org/minimatch/-/minimatch-3.1.5.tgz 0ms (cache hit)
npm http cache strip-ansi@https://registry.npmjs.org/strip-ansi/-/strip-ansi-6.0.1.tgz 0ms (cache hit)
npm http cache levn@https://registry.npmjs.org/levn/-/levn-0.4.1.tgz 0ms (cache hit)
npm http cache lodash.merge@https://registry.npmjs.org/lodash.merge/-/lodash.merge-4.6.2.tgz 0ms (cache hit)
npm http cache natural-compare@https://registry.npmjs.org/natural-compare/-/natural-compare-1.4.0.tgz 0ms (cache hit)
npm http cache js-yaml@https://registry.npmjs.org/js-yaml/-/js-yaml-4.1.1.tgz 0ms (cache hit)
npm http cache imurmurhash@https://registry.npmjs.org/imurmurhash/-/imurmurhash-0.1.4.tgz 0ms (cache hit)
npm http cache is-path-inside@https://registry.npmjs.org/is-path-inside/-/is-path-inside-3.0.3.tgz 0ms (cache hit)
npm http cache json-stable-stringify-without-jsonify@https://registry.npmjs.org/json-stable-stringify-without-jsonify/-/json-stable-stringify-without-jsonify-1.0.1.tgz 0ms (cache hit)
npm http cache is-glob@https://registry.npmjs.org/is-glob/-/is-glob-4.0.3.tgz 1ms (cache hit)
npm http cache ignore@https://registry.npmjs.org/ignore/-/ignore-5.3.2.tgz 0ms (cache hit)
npm http cache find-up@https://registry.npmjs.org/find-up/-/find-up-5.0.0.tgz 0ms (cache hit)
npm http cache graphemer@https://registry.npmjs.org/graphemer/-/graphemer-1.4.0.tgz 0ms (cache hit)
npm http cache globals@https://registry.npmjs.org/globals/-/globals-13.24.0.tgz 0ms (cache hit)
npm http cache glob-parent@https://registry.npmjs.org/glob-parent/-/glob-parent-6.0.2.tgz 0ms (cache hit)
npm http cache file-entry-cache@https://registry.npmjs.org/file-entry-cache/-/file-entry-cache-6.0.1.tgz 0ms (cache hit)
npm http cache espree@https://registry.npmjs.org/espree/-/espree-9.6.1.tgz 0ms (cache hit)
npm http cache fast-deep-equal@https://registry.npmjs.org/fast-deep-equal/-/fast-deep-equal-3.1.3.tgz 0ms (cache hit)
npm http cache esquery@https://registry.npmjs.org/esquery/-/esquery-1.7.0.tgz 0ms (cache hit)
npm http cache esutils@https://registry.npmjs.org/esutils/-/esutils-2.0.3.tgz 0ms (cache hit)
npm http cache eslint-scope@https://registry.npmjs.org/eslint-scope/-/eslint-scope-7.2.2.tgz 0ms (cache hit)
npm http cache @ungap/structured-clone@https://registry.npmjs.org/@ungap/structured-clone/-/structured-clone-1.3.0.tgz 0ms (cache hit)
npm http cache eslint-visitor-keys@https://registry.npmjs.org/eslint-visitor-keys/-/eslint-visitor-keys-3.4.3.tgz 0ms (cache hit)
npm http cache doctrine@https://registry.npmjs.org/doctrine/-/doctrine-3.0.0.tgz 0ms (cache hit)
npm http cache chalk@https://registry.npmjs.org/chalk/-/chalk-4.1.2.tgz 0ms (cache hit)
npm http cache escape-string-regexp@https://registry.npmjs.org/escape-string-regexp/-/escape-string-regexp-4.0.0.tgz 0ms (cache hit)
npm http cache @nodelib/fs.walk@https://registry.npmjs.org/@nodelib/fs.walk/-/fs.walk-1.2.8.tgz 0ms (cache hit)
npm http cache cross-spawn@https://registry.npmjs.org/cross-spawn/-/cross-spawn-7.0.6.tgz 0ms (cache hit)
npm http cache debug@https://registry.npmjs.org/debug/-/debug-4.4.3.tgz 0ms (cache hit)
npm http cache @eslint/js@https://registry.npmjs.org/@eslint/js/-/js-8.57.1.tgz 0ms (cache hit)
npm http cache ajv@https://registry.npmjs.org/ajv/-/ajv-6.14.0.tgz 0ms (cache hit)
npm http cache @humanwhocodes/config-array@https://registry.npmjs.org/@humanwhocodes/config-array/-/config-array-0.13.0.tgz 0ms (cache hit)
npm http cache @eslint-community/regexpp@https://registry.npmjs.org/@eslint-community/regexpp/-/regexpp-4.12.2.tgz 0ms (cache hit)
npm http cache @humanwhocodes/module-importer@https://registry.npmjs.org/@humanwhocodes/module-importer/-/module-importer-1.0.1.tgz 0ms (cache hit)
npm http cache @eslint-community/eslint-utils@https://registry.npmjs.org/@eslint-community/eslint-utils/-/eslint-utils-4.9.1.tgz 0ms (cache hit)
npm http cache @eslint/eslintrc@https://registry.npmjs.org/@eslint/eslintrc/-/eslintrc-2.1.4.tgz 0ms (cache hit)
npm http cache next@https://registry.npmjs.org/next/-/next-15.5.14.tgz 0ms (cache hit)
npm http cache react-dom@https://registry.npmjs.org/react-dom/-/react-dom-18.3.1.tgz 0ms (cache hit)
npm http cache react@https://registry.npmjs.org/react/-/react-18.3.1.tgz 0ms (cache hit)
npm http cache semver@https://registry.npmjs.org/semver/-/semver-6.3.1.tgz 0ms (cache hit)
npm http cache jsonwebtoken@https://registry.npmjs.org/jsonwebtoken/-/jsonwebtoken-9.0.3.tgz 0ms (cache hit)
npm http cache fdir@https://registry.npmjs.org/fdir/-/fdir-6.5.0.tgz 0ms (cache hit)
npm http cache debug@https://registry.npmjs.org/debug/-/debug-3.2.7.tgz 0ms (cache hit)
npm http cache picomatch@https://registry.npmjs.org/picomatch/-/picomatch-4.0.4.tgz 0ms (cache hit)
npm http cache bcryptjs@https://registry.npmjs.org/bcryptjs/-/bcryptjs-2.4.3.tgz 0ms (cache hit)
npm http cache eslint@https://registry.npmjs.org/eslint/-/eslint-8.57.1.tgz 0ms (cache hit)
npm http cache glob-parent@https://registry.npmjs.org/glob-parent/-/glob-parent-5.1.2.tgz 0ms (cache hit)
npm http cache eslint-config-next@https://registry.npmjs.org/eslint-config-next/-/eslint-config-next-15.5.14.tgz 0ms (cache hit)
npm http cache semver@https://registry.npmjs.org/semver/-/semver-6.3.1.tgz 0ms (cache hit)
npm http cache eslint-visitor-keys@https://registry.npmjs.org/eslint-visitor-keys/-/eslint-visitor-keys-5.0.1.tgz 0ms (cache hit)
npm http cache semver@https://registry.npmjs.org/semver/-/semver-6.3.1.tgz 0ms (cache hit)
npm http cache doctrine@https://registry.npmjs.org/doctrine/-/doctrine-2.1.0.tgz 0ms (cache hit)
npm http cache balanced-match@https://registry.npmjs.org/balanced-match/-/balanced-match-4.0.4.tgz 0ms (cache hit)
npm http cache minimatch@https://registry.npmjs.org/minimatch/-/minimatch-10.2.5.tgz 0ms (cache hit)
npm http cache debug@https://registry.npmjs.org/debug/-/debug-3.2.7.tgz 0ms (cache hit)
npm http cache brace-expansion@https://registry.npmjs.org/brace-expansion/-/brace-expansion-5.0.5.tgz 0ms (cache hit)
npm http cache ignore@https://registry.npmjs.org/ignore/-/ignore-7.0.5.tgz 0ms (cache hit)
npm http cache doctrine@https://registry.npmjs.org/doctrine/-/doctrine-2.1.0.tgz 0ms (cache hit)
npm http cache debug@https://registry.npmjs.org/debug/-/debug-3.2.7.tgz 0ms (cache hit)
npm http fetch POST 200 https://registry.npmjs.org/-/npm/v1/security/advisories/bulk 623ms
npm http fetch GET 200 https://registry.npmjs.org/async-function/-/async-function-1.0.0.tgz 863ms (cache miss)
npm http fetch GET 200 https://registry.npmjs.org/is-async-function/-/is-async-function-2.1.1.tgz 856ms (cache miss)
npm http fetch GET 200 https://registry.npmjs.org/generator-function/-/generator-function-2.0.1.tgz 860ms (cache miss)
npm warn deprecated inflight@1.0.6: This module is not supported, and leaks memory. Do not use it. Check out lru-cache if you want a good and tested way to coalesce async requests by a key value, which is much more comprehensive and powerful.
npm http fetch GET 200 https://registry.npmjs.org/node-exports-info/-/node-exports-info-1.6.0.tgz 979ms (cache miss)
npm warn deprecated @humanwhocodes/config-array@0.13.0: Use @eslint/config-array instead
npm http fetch GET 200 https://registry.npmjs.org/detect-libc/-/detect-libc-2.1.2.tgz 1316ms (cache miss)
npm http fetch GET 200 https://registry.npmjs.org/client-only/-/client-only-0.0.1.tgz 1347ms (cache miss)
npm warn deprecated rimraf@3.0.2: Rimraf versions prior to v4 are no longer supported
npm http fetch GET 200 https://registry.npmjs.org/reusify/-/reusify-1.1.0.tgz 1400ms (cache miss)
npm warn deprecated glob@7.2.3: Old versions of glob are not supported, and contain widely publicized security vulnerabilities, which have been fixed in the current version. Please update. Support for old versions may be purchased (at exorbitant rates) by contacting i@izs.me
npm http fetch GET 200 https://registry.npmjs.org/object.entries/-/object.entries-1.1.9.tgz 1421ms (cache miss)
npm http fetch GET 200 https://registry.npmjs.org/@img/colour/-/colour-1.1.0.tgz 1476ms (cache miss)
npm http fetch GET 200 https://registry.npmjs.org/possible-typed-array-names/-/possible-typed-array-names-1.1.0.tgz 1501ms (cache miss)
npm http fetch GET 200 https://registry.npmjs.org/is-weakref/-/is-weakref-1.1.1.tgz 1502ms (cache miss)
npm http fetch GET 200 https://registry.npmjs.org/es-shim-unscopables/-/es-shim-unscopables-1.1.0.tgz 1524ms (cache miss)
npm http fetch GET 200 https://registry.npmjs.org/is-negative-zero/-/is-negative-zero-2.0.3.tgz 1538ms (cache miss)
npm http fetch GET 200 https://registry.npmjs.org/array.prototype.findlastindex/-/array.prototype.findlastindex-1.2.6.tgz 1565ms (cache miss)
npm http fetch GET 200 https://registry.npmjs.org/is-bun-module/-/is-bun-module-2.0.0.tgz 1564ms (cache miss)
npm http fetch GET 200 https://registry.npmjs.org/unrs-resolver/-/unrs-resolver-1.11.1.tgz 1594ms (cache miss)
npm http fetch GET 200 https://registry.npmjs.org/resolve-pkg-maps/-/resolve-pkg-maps-1.0.0.tgz 1707ms (cache miss)
npm warn deprecated @humanwhocodes/object-schema@2.0.3: Use @eslint/object-schema instead
npm http fetch GET 200 https://registry.npmjs.org/@next/env/-/env-15.5.14.tgz 1731ms (cache miss)
npm http fetch GET 200 https://registry.npmjs.org/@nolyfill/is-core-module/-/is-core-module-1.0.39.tgz 1715ms (cache miss)
npm http fetch GET 200 https://registry.npmjs.org/stable-hash/-/stable-hash-0.0.5.tgz 1749ms (cache miss)
npm http fetch GET 200 https://registry.npmjs.org/is-boolean-object/-/is-boolean-object-1.2.2.tgz 1866ms (cache miss)
npm http fetch GET 200 https://registry.npmjs.org/is-generator-function/-/is-generator-function-1.1.2.tgz 1932ms (cache miss)
npm http fetch GET 200 https://registry.npmjs.org/stop-iteration-iterator/-/stop-iteration-iterator-1.1.0.tgz 1955ms (cache miss)
npm http fetch GET 200 https://registry.npmjs.org/get-tsconfig/-/get-tsconfig-4.13.7.tgz 1978ms (cache miss)
npm http fetch GET 200 https://registry.npmjs.org/for-each/-/for-each-0.3.5.tgz 2026ms (cache miss)
npm http fetch GET 200 https://registry.npmjs.org/which-typed-array/-/which-typed-array-1.1.20.tgz 2060ms (cache miss)
npm http fetch GET 200 https://registry.npmjs.org/tinyglobby/-/tinyglobby-0.2.15.tgz 2076ms (cache miss)
npm http fetch GET 200 https://registry.npmjs.org/set-proto/-/set-proto-1.0.0.tgz 2088ms (cache miss)
npm http fetch GET 200 https://registry.npmjs.org/@typescript-eslint/tsconfig-utils/-/tsconfig-utils-8.58.0.tgz 2090ms (cache miss)
npm http fetch GET 200 https://registry.npmjs.org/reflect.getprototypeof/-/reflect.getprototypeof-1.0.10.tgz 2151ms (cache miss)
npm http fetch GET 200 https://registry.npmjs.org/@emnapi/wasi-threads/-/wasi-threads-1.2.1.tgz 2214ms (cache miss)
npm http fetch GET 200 https://registry.npmjs.org/eslint-plugin-react-hooks/-/eslint-plugin-react-hooks-5.2.0.tgz 2191ms (cache miss)
npm http fetch GET 200 https://registry.npmjs.org/array-includes/-/array-includes-3.1.9.tgz 2252ms (cache miss)
npm http fetch GET 200 https://registry.npmjs.org/ts-api-utils/-/ts-api-utils-2.5.0.tgz 2316ms (cache miss)
npm http fetch GET 200 https://registry.npmjs.org/regexp.prototype.flags/-/regexp.prototype.flags-1.5.4.tgz 2328ms (cache miss)
npm http fetch GET 200 https://registry.npmjs.org/@typescript-eslint/project-service/-/project-service-8.58.0.tgz 2329ms (cache miss)
npm http fetch GET 200 https://registry.npmjs.org/@typescript-eslint/visitor-keys/-/visitor-keys-8.58.0.tgz 2335ms (cache miss)
npm http fetch GET 200 https://registry.npmjs.org/@typescript-eslint/types/-/types-8.58.0.tgz 2405ms (cache miss)
npm http fetch GET 200 https://registry.npmjs.org/@emnapi/runtime/-/runtime-1.9.2.tgz 2427ms (cache miss)
npm http fetch GET 200 https://registry.npmjs.org/eslint-import-resolver-typescript/-/eslint-import-resolver-typescript-3.10.1.tgz 2437ms (cache miss)
npm http fetch GET 200 https://registry.npmjs.org/eslint-import-resolver-node/-/eslint-import-resolver-node-0.3.10.tgz 2450ms (cache miss)
npm http fetch GET 200 https://registry.npmjs.org/napi-postinstall/-/napi-postinstall-0.3.4.tgz 2488ms (cache miss)
npm http fetch GET 200 https://registry.npmjs.org/@typescript-eslint/parser/-/parser-8.58.0.tgz 2465ms (cache miss)
npm http fetch GET 200 https://registry.npmjs.org/eslint-module-utils/-/eslint-module-utils-2.12.1.tgz 2546ms (cache miss)
npm http fetch GET 200 https://registry.npmjs.org/styled-jsx/-/styled-jsx-5.1.6.tgz 2562ms (cache miss)
npm http fetch GET 200 https://registry.npmjs.org/@ungap/structured-clone/-/structured-clone-1.3.0.tgz 2665ms (cache miss)
npm http fetch GET 200 https://registry.npmjs.org/fastq/-/fastq-1.20.1.tgz 2672ms (cache miss)
npm http fetch GET 200 https://registry.npmjs.org/@emnapi/core/-/core-1.9.2.tgz 2721ms (cache miss)
npm http fetch GET 200 https://registry.npmjs.org/@unrs/resolver-binding-win32-x64-msvc/-/resolver-binding-win32-x64-msvc-1.11.1.tgz 2727ms (cache miss)
npm http fetch GET 200 https://registry.npmjs.org/fdir/-/fdir-6.5.0.tgz 2719ms (cache miss)
npm http fetch GET 200 https://registry.npmjs.org/sharp/-/sharp-0.34.5.tgz 2791ms (cache miss)
npm http fetch GET 200 https://registry.npmjs.org/picomatch/-/picomatch-4.0.4.tgz 2945ms (cache miss)
npm http fetch GET 200 https://registry.npmjs.org/eslint-config-next/-/eslint-config-next-15.5.14.tgz 2950ms (cache miss)
npm http fetch GET 200 https://registry.npmjs.org/postcss/-/postcss-8.4.31.tgz 3071ms (cache miss)
npm http fetch GET 200 https://registry.npmjs.org/ignore/-/ignore-7.0.5.tgz 3050ms (cache miss)
npm http fetch GET 200 https://registry.npmjs.org/axe-core/-/axe-core-4.11.2.tgz 3100ms (cache miss)
npm http fetch GET 200 https://registry.npmjs.org/eslint-visitor-keys/-/eslint-visitor-keys-5.0.1.tgz 3091ms (cache miss)
npm http fetch GET 200 https://registry.npmjs.org/@tybys/wasm-util/-/wasm-util-0.10.1.tgz 3140ms (cache miss)
npm http fetch GET 200 https://registry.npmjs.org/@typescript-eslint/type-utils/-/type-utils-8.58.0.tgz 3198ms (cache miss)
npm http fetch GET 200 https://registry.npmjs.org/fast-glob/-/fast-glob-3.3.1.tgz 3305ms (cache miss)
npm http fetch GET 200 https://registry.npmjs.org/@napi-rs/wasm-runtime/-/wasm-runtime-0.2.12.tgz 3349ms (cache miss)
npm http fetch GET 200 https://registry.npmjs.org/@next/eslint-plugin-next/-/eslint-plugin-next-15.5.14.tgz 3364ms (cache miss)
npm http fetch GET 200 https://registry.npmjs.org/@typescript-eslint/typescript-estree/-/typescript-estree-8.58.0.tgz 3548ms (cache miss)
npm http fetch GET 200 https://registry.npmjs.org/@typescript-eslint/utils/-/utils-8.58.0.tgz 3586ms (cache miss)
npm http fetch GET 200 https://registry.npmjs.org/es-iterator-helpers/-/es-iterator-helpers-1.3.1.tgz 3715ms (cache miss)
npm http fetch GET 200 https://registry.npmjs.org/resolve/-/resolve-2.0.0-next.6.tgz 3815ms (cache miss)
npm http fetch GET 200 https://registry.npmjs.org/eslint-plugin-import/-/eslint-plugin-import-2.32.0.tgz 4121ms (cache miss)
npm http fetch GET 200 https://registry.npmjs.org/@rushstack/eslint-patch/-/eslint-patch-1.16.1.tgz 4323ms (cache miss)
npm http fetch GET 200 https://registry.npmjs.org/@swc/helpers/-/helpers-0.5.15.tgz 5090ms (cache miss)
npm http fetch GET 200 https://registry.npmjs.org/@typescript-eslint/scope-manager/-/scope-manager-8.58.0.tgz 5201ms (cache miss)
npm http fetch GET 200 https://registry.npmjs.org/eslint-plugin-react/-/eslint-plugin-react-7.37.5.tgz 5388ms (cache miss)
npm warn deprecated eslint@8.57.1: This version is no longer supported. Please see https://eslint.org/version-support for other options.
npm http fetch GET 200 https://registry.npmjs.org/@typescript-eslint/eslint-plugin/-/eslint-plugin-8.58.0.tgz 5715ms (cache miss)
npm http fetch GET 200 https://registry.npmjs.org/es-abstract/-/es-abstract-1.24.1.tgz 9655ms (cache miss)
npm http fetch GET 200 https://registry.npmjs.org/typescript/-/typescript-6.0.2.tgz 12907ms (cache miss)
npm http fetch GET 200 https://registry.npmjs.org/@img/sharp-win32-x64/-/sharp-win32-x64-0.34.5.tgz 13580ms (cache miss)
npm http fetch GET 200 https://registry.npmjs.org/@next/swc-win32-x64-msvc/-/swc-win32-x64-msvc-15.5.14.tgz 27442ms (cache miss)
npm http fetch GET 200 https://registry.npmjs.org/next/-/next-15.5.14.tgz 38082ms (cache miss)
npm info run sharp@0.34.5 install node_modules/sharp node install/check.js || npm run build
npm info run sharp@0.34.5 install { code: 0, signal: null }
npm info run unrs-resolver@1.11.1 postinstall node_modules/unrs-resolver napi-postinstall unrs-resolver 1.11.1 check
npm info run unrs-resolver@1.11.1 postinstall { code: 0, signal: null }

added 319 packages, and audited 320 packages in 1m

132 packages are looking for funding
  run `npm fund` for details

found 0 vulnerabilities
npm verbose cwd C:\Users\rioan\Desktop\my-project
npm verbose os Windows_NT 10.0.19045
npm verbose node v22.22.2
npm verbose npm  v10.9.7
npm verbose exit 0
npm info ok
